<?xml version="1.0" encoding="UTF-8"?>
<coverage generated="1781046365986" clover="3.2.0">
  <project timestamp="1781046365986" name="All files">
    <metrics statements="394" coveredstatements="330" conditionals="291" coveredconditionals="219" methods="86" coveredmethods="68" elements="771" coveredelements="617" complexity="0" loc="394" ncloc="394" packages="8" files="21" classes="21"/>
    <package name="src">
      <metrics statements="76" coveredstatements="59" conditionals="36" coveredconditionals="25" methods="6" coveredmethods="2"/>
      <file name="config.ts" path="C:\Users\axela\Desktop\apikey\proxy\src\config.ts">
        <metrics statements="9" coveredstatements="9" conditionals="0" coveredconditionals="0" methods="0" coveredmethods="0"/>
        <line num="6" count="3" type="stmt"/>
        <line num="9" count="3" type="stmt"/>
        <line num="12" count="3" type="stmt"/>
        <line num="18" count="3" type="stmt"/>
        <line num="21" count="3" type="stmt"/>
        <line num="24" count="3" type="stmt"/>
        <line num="27" count="3" type="stmt"/>
        <line num="34" count="3" type="stmt"/>
        <line num="46" count="3" type="stmt"/>
      </file>
      <file name="index.ts" path="C:\Users\axela\Desktop\apikey\proxy\src\index.ts">
        <metrics statements="67" coveredstatements="50" conditionals="36" coveredconditionals="25" methods="6" coveredmethods="2"/>
        <line num="35" count="2" type="stmt"/>
        <line num="38" count="2" type="stmt"/>
        <line num="41" count="2" type="stmt"/>
        <line num="44" count="2" type="stmt"/>
        <line num="45" count="14" type="stmt"/>
        <line num="46" count="14" type="stmt"/>
        <line num="47" count="14" type="stmt"/>
        <line num="50" count="14" type="cond" truecount="2" falsecount="0"/>
        <line num="51" count="1" type="stmt"/>
        <line num="52" count="1" type="stmt"/>
        <line num="56" count="13" type="stmt"/>
        <line num="57" count="13" type="cond" truecount="2" falsecount="0"/>
        <line num="58" count="2" type="cond" truecount="2" falsecount="0"/>
        <line num="59" count="1" type="stmt"/>
        <line num="60" count="1" type="stmt"/>
        <line num="62" count="1" type="stmt"/>
        <line num="63" count="1" type="stmt"/>
        <line num="67" count="11" type="cond" truecount="1" falsecount="1"/>
        <line num="68" count="11" type="stmt"/>
        <line num="69" count="11" type="cond" truecount="1" falsecount="1"/>
        <line num="70" count="0" type="stmt"/>
        <line num="71" count="0" type="stmt"/>
        <line num="84" count="11" type="cond" truecount="2" falsecount="0"/>
        <line num="85" count="1" type="stmt"/>
        <line num="86" count="1" type="cond" truecount="1" falsecount="1"/>
        <line num="87" count="1" type="stmt"/>
        <line num="88" count="1" type="stmt"/>
        <line num="96" count="10" type="cond" truecount="2" falsecount="0"/>
        <line num="97" count="1" type="stmt"/>
        <line num="102" count="1" type="cond" truecount="1" falsecount="1"/>
        <line num="103" count="1" type="stmt"/>
        <line num="104" count="1" type="stmt"/>
        <line num="112" count="9" type="cond" truecount="3" falsecount="1"/>
        <line num="113" count="0" type="stmt"/>
        <line num="118" count="0" type="cond" truecount="0" falsecount="2"/>
        <line num="119" count="0" type="stmt"/>
        <line num="120" count="0" type="stmt"/>
        <line num="132" count="9" type="cond" truecount="2" falsecount="0"/>
        <line num="133" count="1" type="stmt"/>
        <line num="134" count="1" type="stmt"/>
        <line num="146" count="8" type="cond" truecount="2" falsecount="0"/>
        <line num="147" count="14" type="cond" truecount="2" falsecount="0"/>
        <line num="148" count="1" type="stmt"/>
        <line num="149" count="1" type="stmt"/>
        <line num="154" count="7" type="stmt"/>
        <line num="155" count="7" type="stmt"/>
        <line num="157" count="0" type="cond" truecount="0" falsecount="2"/>
        <line num="158" count="0" type="stmt"/>
        <line num="159" count="0" type="stmt"/>
        <line num="161" count="0" type="stmt"/>
        <line num="162" count="0" type="stmt"/>
        <line num="169" count="7" type="stmt"/>
        <line num="171" count="7" type="stmt"/>
        <line num="174" count="7" type="cond" truecount="2" falsecount="0"/>
        <line num="175" count="1" type="stmt"/>
        <line num="181" count="1" type="stmt"/>
        <line num="184" count="6" type="stmt"/>
        <line num="185" count="6" type="stmt"/>
        <line num="200" count="7" type="stmt"/>
        <line num="203" count="2" type="stmt"/>
        <line num="207" count="2" type="stmt"/>
        <line num="208" count="0" type="stmt"/>
        <line num="209" count="0" type="stmt"/>
        <line num="210" count="0" type="stmt"/>
        <line num="211" count="0" type="stmt"/>
        <line num="220" count="0" type="stmt"/>
        <line num="228" count="0" type="stmt"/>
      </file>
      <file name="types.ts" path="C:\Users\axela\Desktop\apikey\proxy\src\types.ts">
        <metrics statements="0" coveredstatements="0" conditionals="0" coveredconditionals="0" methods="0" coveredmethods="0"/>
      </file>
    </package>
    <package name="src.admin">
      <metrics statements="14" coveredstatements="14" conditionals="10" coveredconditionals="9" methods="2" coveredmethods="1"/>
      <file name="purge.ts" path="C:\Users\axela\Desktop\apikey\proxy\src\admin\purge.ts">
        <metrics statements="14" coveredstatements="14" conditionals="10" coveredconditionals="9" methods="2" coveredmethods="1"/>
        <line num="17" count="2" type="stmt"/>
        <line num="22" count="4" type="stmt"/>
        <line num="23" count="4" type="cond" truecount="2" falsecount="0"/>
        <line num="24" count="1" type="stmt"/>
        <line num="27" count="3" type="cond" truecount="1" falsecount="1"/>
        <line num="28" count="4" type="cond" truecount="2" falsecount="0"/>
        <line num="29" count="1" type="stmt"/>
        <line num="32" count="2" type="stmt"/>
        <line num="33" count="2" type="stmt"/>
        <line num="34" count="4" type="cond" truecount="4" falsecount="0"/>
        <line num="35" count="1" type="stmt"/>
        <line num="38" count="1" type="stmt"/>
        <line num="39" count="1" type="stmt"/>
        <line num="40" count="1" type="stmt"/>
      </file>
    </package>
    <package name="src.cache">
      <metrics statements="39" coveredstatements="30" conditionals="16" coveredconditionals="10" methods="23" coveredmethods="18"/>
      <file name="context.ts" path="C:\Users\axela\Desktop\apikey\proxy\src\cache\context.ts">
        <metrics statements="39" coveredstatements="30" conditionals="16" coveredconditionals="10" methods="23" coveredmethods="18"/>
        <line num="13" count="41" type="stmt"/>
        <line num="16" count="19" type="stmt"/>
        <line num="17" count="19" type="cond" truecount="3" falsecount="1"/>
        <line num="24" count="21" type="stmt"/>
        <line num="32" count="19" type="stmt"/>
        <line num="39" count="1" type="stmt"/>
        <line num="44" count="2" type="stmt"/>
        <line num="45" count="15" type="stmt"/>
        <line num="51" count="14" type="stmt"/>
        <line num="55" count="1" type="stmt"/>
        <line num="59" count="2" type="stmt"/>
        <line num="63" count="1" type="stmt"/>
        <line num="66" count="2" type="stmt"/>
        <line num="74" count="1" type="stmt"/>
        <line num="75" count="1" type="cond" truecount="1" falsecount="1"/>
        <line num="85" count="0" type="stmt"/>
        <line num="86" count="0" type="stmt"/>
        <line num="92" count="2" type="stmt"/>
        <line num="96" count="18" type="stmt"/>
        <line num="99" count="2" type="stmt"/>
        <line num="100" count="23" type="stmt"/>
        <line num="108" count="17" type="stmt"/>
        <line num="109" count="17" type="cond" truecount="2" falsecount="0"/>
        <line num="118" count="6" type="stmt"/>
        <line num="119" count="6" type="stmt"/>
        <line num="125" count="2" type="stmt"/>
        <line num="133" count="1" type="stmt"/>
        <line num="134" count="1" type="cond" truecount="1" falsecount="1"/>
        <line num="144" count="0" type="stmt"/>
        <line num="145" count="0" type="stmt"/>
        <line num="151" count="2" type="stmt"/>
        <line num="152" count="0" type="stmt"/>
        <line num="160" count="0" type="stmt"/>
        <line num="161" count="0" type="cond" truecount="0" falsecount="2"/>
        <line num="171" count="0" type="stmt"/>
        <line num="172" count="0" type="stmt"/>
        <line num="187" count="6" type="stmt"/>
        <line num="188" count="6" type="cond" truecount="1" falsecount="1"/>
        <line num="189" count="6" type="stmt"/>
      </file>
    </package>
    <package name="src.cron">
      <metrics statements="18" coveredstatements="0" conditionals="8" coveredconditionals="0" methods="3" coveredmethods="0"/>
      <file name="low-balance.ts" path="C:\Users\axela\Desktop\apikey\proxy\src\cron\low-balance.ts">
        <metrics statements="18" coveredstatements="0" conditionals="8" coveredconditionals="0" methods="3" coveredmethods="0"/>
        <line num="17" count="0" type="stmt"/>
        <line num="21" count="0" type="cond" truecount="0" falsecount="2"/>
        <line num="22" count="0" type="stmt"/>
        <line num="39" count="0" type="stmt"/>
        <line num="47" count="0" type="cond" truecount="0" falsecount="2"/>
        <line num="51" count="0" type="cond" truecount="0" falsecount="4"/>
        <line num="52" count="0" type="stmt"/>
        <line num="53" count="0" type="stmt"/>
        <line num="57" count="0" type="stmt"/>
        <line num="58" count="0" type="stmt"/>
        <line num="60" count="0" type="stmt"/>
        <line num="61" count="0" type="stmt"/>
        <line num="64" count="0" type="stmt"/>
        <line num="65" count="0" type="stmt"/>
        <line num="66" count="0" type="stmt"/>
        <line num="67" count="0" type="stmt"/>
        <line num="68" count="0" type="stmt"/>
        <line num="71" count="0" type="stmt"/>
      </file>
    </package>
    <package name="src.lib">
      <metrics statements="66" coveredstatements="60" conditionals="25" coveredconditionals="20" methods="21" coveredmethods="18"/>
      <file name="alert.ts" path="C:\Users\axela\Desktop\apikey\proxy\src\lib\alert.ts">
        <metrics statements="13" coveredstatements="13" conditionals="7" coveredconditionals="7" methods="3" coveredmethods="3"/>
        <line num="12" count="2" type="cond" truecount="2" falsecount="0"/>
        <line num="13" count="1" type="stmt"/>
        <line num="14" count="1" type="stmt"/>
        <line num="28" count="3" type="stmt"/>
        <line num="29" count="3" type="stmt"/>
        <line num="32" count="13" type="stmt"/>
        <line num="33" count="13" type="stmt"/>
        <line num="41" count="13" type="stmt"/>
        <line num="42" count="13" type="stmt"/>
        <line num="43" count="13" type="cond" truecount="2" falsecount="0"/>
        <line num="44" count="13" type="stmt"/>
        <line num="47" count="13" type="cond" truecount="2" falsecount="0"/>
        <line num="48" count="2" type="stmt"/>
      </file>
      <file name="base64.ts" path="C:\Users\axela\Desktop\apikey\proxy\src\lib\base64.ts">
        <metrics statements="7" coveredstatements="7" conditionals="0" coveredconditionals="0" methods="2" coveredmethods="2"/>
        <line num="6" count="27" type="stmt"/>
        <line num="7" count="27" type="stmt"/>
        <line num="8" count="877" type="stmt"/>
        <line num="9" count="27" type="stmt"/>
        <line num="13" count="20" type="stmt"/>
        <line num="14" count="1113" type="stmt"/>
        <line num="15" count="20" type="stmt"/>
      </file>
      <file name="edge-crypto.ts" path="C:\Users\axela\Desktop\apikey\proxy\src\lib\edge-crypto.ts">
        <metrics statements="20" coveredstatements="20" conditionals="2" coveredconditionals="2" methods="3" coveredmethods="3"/>
        <line num="14" count="3" type="stmt"/>
        <line num="15" count="3" type="stmt"/>
        <line num="18" count="22" type="stmt"/>
        <line num="19" count="22" type="cond" truecount="2" falsecount="0"/>
        <line num="21" count="1" type="stmt"/>
        <line num="23" count="21" type="stmt"/>
        <line num="34" count="19" type="stmt"/>
        <line num="35" count="18" type="stmt"/>
        <line num="36" count="18" type="stmt"/>
        <line num="41" count="18" type="stmt"/>
        <line num="42" count="18" type="stmt"/>
        <line num="43" count="18" type="stmt"/>
        <line num="44" count="18" type="stmt"/>
        <line num="45" count="18" type="stmt"/>
        <line num="53" count="3" type="stmt"/>
        <line num="54" count="3" type="stmt"/>
        <line num="55" count="3" type="stmt"/>
        <line num="56" count="3" type="stmt"/>
        <line num="57" count="3" type="stmt"/>
        <line num="58" count="2" type="stmt"/>
      </file>
      <file name="hash.ts" path="C:\Users\axela\Desktop\apikey\proxy\src\lib\hash.ts">
        <metrics statements="4" coveredstatements="4" conditionals="0" coveredconditionals="0" methods="2" coveredmethods="2"/>
        <line num="7" count="25" type="stmt"/>
        <line num="8" count="25" type="stmt"/>
        <line num="9" count="25" type="stmt"/>
        <line num="10" count="800" type="stmt"/>
      </file>
      <file name="log.ts" path="C:\Users\axela\Desktop\apikey\proxy\src\lib\log.ts">
        <metrics statements="1" coveredstatements="1" conditionals="0" coveredconditionals="0" methods="1" coveredmethods="1"/>
        <line num="25" count="29" type="stmt"/>
      </file>
      <file name="rate-limit.ts" path="C:\Users\axela\Desktop\apikey\proxy\src\lib\rate-limit.ts">
        <metrics statements="6" coveredstatements="4" conditionals="4" coveredconditionals="3" methods="2" coveredmethods="2"/>
        <line num="12" count="14" type="cond" truecount="2" falsecount="0"/>
        <line num="13" count="1" type="stmt"/>
        <line num="14" count="1" type="stmt"/>
        <line num="22" count="16" type="cond" truecount="1" falsecount="1"/>
        <line num="23" count="0" type="stmt"/>
        <line num="24" count="0" type="stmt"/>
      </file>
      <file name="secret.ts" path="C:\Users\axela\Desktop\apikey\proxy\src\lib\secret.ts">
        <metrics statements="5" coveredstatements="5" conditionals="0" coveredconditionals="0" methods="1" coveredmethods="1"/>
        <line num="11" count="3" type="stmt"/>
        <line num="12" count="3" type="stmt"/>
        <line num="13" count="3" type="stmt"/>
        <line num="14" count="192" type="stmt"/>
        <line num="16" count="3" type="stmt"/>
      </file>
      <file name="supabase.ts" path="C:\Users\axela\Desktop\apikey\proxy\src\lib\supabase.ts">
        <metrics statements="9" coveredstatements="5" conditionals="12" coveredconditionals="8" methods="6" coveredmethods="3"/>
        <line num="16" count="20" type="stmt"/>
        <line num="26" count="20" type="cond" truecount="1" falsecount="1"/>
        <line num="28" count="0" type="stmt"/>
        <line num="30" count="20" type="stmt"/>
        <line num="44" count="0" type="stmt"/>
        <line num="52" count="0" type="stmt"/>
        <line num="60" count="14" type="stmt"/>
        <line num="75" count="0" type="stmt"/>
        <line num="101" count="6" type="stmt"/>
      </file>
      <file name="x402.ts" path="C:\Users\axela\Desktop\apikey\proxy\src\lib\x402.ts">
        <metrics statements="1" coveredstatements="1" conditionals="0" coveredconditionals="0" methods="1" coveredmethods="1"/>
        <line num="17" count="2" type="stmt"/>
      </file>
    </package>
    <package name="src.middleware">
      <metrics statements="60" coveredstatements="53" conditionals="91" coveredconditionals="66" methods="11" coveredmethods="10"/>
      <file name="auth.ts" path="C:\Users\axela\Desktop\apikey\proxy\src\middleware\auth.ts">
        <metrics statements="60" coveredstatements="53" conditionals="91" coveredconditionals="66" methods="11" coveredmethods="10"/>
        <line num="36" count="16" type="cond" truecount="2" falsecount="0"/>
        <line num="37" count="15" type="stmt"/>
        <line num="38" count="15" type="cond" truecount="1" falsecount="1"/>
        <line num="43" count="15" type="cond" truecount="1" falsecount="1"/>
        <line num="44" count="15" type="stmt"/>
        <line num="45" count="15" type="stmt"/>
        <line num="46" count="15" type="cond" truecount="4" falsecount="1"/>
        <line num="47" count="15" type="stmt"/>
        <line num="52" count="0" type="stmt"/>
        <line num="57" count="3" type="stmt"/>
        <line num="72" count="13" type="cond" truecount="8" falsecount="0"/>
        <line num="73" count="13" type="cond" truecount="2" falsecount="0"/>
        <line num="74" count="3" type="stmt"/>
        <line num="75" count="2" type="stmt"/>
        <line num="77" count="11" type="cond" truecount="1" falsecount="1"/>
        <line num="80" count="13" type="stmt"/>
        <line num="99" count="3" type="stmt"/>
        <line num="112" count="13" type="cond" truecount="8" falsecount="0"/>
        <line num="113" count="13" type="cond" truecount="2" falsecount="0"/>
        <line num="114" count="2" type="stmt"/>
        <line num="116" count="11" type="stmt"/>
        <line num="135" count="1" type="cond" truecount="1" falsecount="1"/>
        <line num="138" count="1" type="stmt"/>
        <line num="155" count="1" type="cond" truecount="7" falsecount="1"/>
        <line num="156" count="1" type="cond" truecount="1" falsecount="1"/>
        <line num="157" count="0" type="stmt"/>
        <line num="158" count="0" type="stmt"/>
        <line num="160" count="1" type="stmt"/>
        <line num="161" count="1" type="stmt"/>
        <line num="162" count="1" type="stmt"/>
        <line num="165" count="2" type="stmt"/>
        <line num="170" count="16" type="cond" truecount="2" falsecount="0"/>
        <line num="171" count="16" type="cond" truecount="1" falsecount="1"/>
        <line num="172" count="0" type="stmt"/>
        <line num="175" count="16" type="stmt"/>
        <line num="176" count="16" type="cond" truecount="2" falsecount="0"/>
        <line num="177" count="1" type="stmt"/>
        <line num="180" count="15" type="stmt"/>
        <line num="181" count="15" type="stmt"/>
        <line num="182" count="15" type="stmt"/>
        <line num="184" count="15" type="stmt"/>
        <line num="187" count="15" type="stmt"/>
        <line num="188" count="15" type="cond" truecount="2" falsecount="0"/>
        <line num="189" count="1" type="stmt"/>
        <line num="190" count="1" type="stmt"/>
        <line num="191" count="1" type="stmt"/>
        <line num="194" count="0" type="stmt"/>
        <line num="195" count="0" type="stmt"/>
        <line num="200" count="15" type="cond" truecount="2" falsecount="0"/>
        <line num="202" count="14" type="cond" truecount="1" falsecount="1"/>
        <line num="203" count="0" type="stmt"/>
        <line num="205" count="14" type="stmt"/>
        <line num="206" count="14" type="cond" truecount="2" falsecount="0"/>
        <line num="207" count="1" type="stmt"/>
        <line num="208" count="1" type="stmt"/>
        <line num="210" count="13" type="stmt"/>
        <line num="211" count="13" type="stmt"/>
        <line num="212" count="13" type="stmt"/>
        <line num="215" count="14" type="stmt"/>
        <line num="216" count="14" type="stmt"/>
      </file>
    </package>
    <package name="src.proxy">
      <metrics statements="105" coveredstatements="104" conditionals="89" coveredconditionals="78" methods="19" coveredmethods="18"/>
      <file name="cost.ts" path="C:\Users\axela\Desktop\apikey\proxy\src\proxy\cost.ts">
        <metrics statements="3" coveredstatements="3" conditionals="4" coveredconditionals="4" methods="1" coveredmethods="1"/>
        <line num="16" count="9" type="cond" truecount="4" falsecount="0"/>
        <line num="17" count="2" type="stmt"/>
        <line num="22" count="7" type="stmt"/>
      </file>
      <file name="forward.ts" path="C:\Users\axela\Desktop\apikey\proxy\src\proxy\forward.ts">
        <metrics statements="48" coveredstatements="48" conditionals="19" coveredconditionals="17" methods="8" coveredmethods="7"/>
        <line num="25" count="14" type="cond" truecount="4" falsecount="0"/>
        <line num="26" count="13" type="cond" truecount="2" falsecount="0"/>
        <line num="27" count="14" type="cond" truecount="1" falsecount="1"/>
        <line num="28" count="14" type="stmt"/>
        <line num="41" count="14" type="stmt"/>
        <line num="42" count="14" type="cond" truecount="1" falsecount="1"/>
        <line num="45" count="14" type="stmt"/>
        <line num="46" count="14" type="stmt"/>
        <line num="47" count="14" type="stmt"/>
        <line num="48" count="14" type="stmt"/>
        <line num="54" count="1" type="stmt"/>
        <line num="55" count="1" type="stmt"/>
        <line num="71" count="10" type="stmt"/>
        <line num="72" count="80" type="stmt"/>
        <line num="75" count="10" type="stmt"/>
        <line num="76" count="10" type="stmt"/>
        <line num="79" count="10" type="stmt"/>
        <line num="80" count="10" type="stmt"/>
        <line num="82" count="10" type="stmt"/>
        <line num="83" count="10" type="stmt"/>
        <line num="84" count="10" type="stmt"/>
        <line num="85" count="1" type="stmt"/>
        <line num="86" count="1" type="stmt"/>
        <line num="89" count="10" type="stmt"/>
        <line num="90" count="10" type="stmt"/>
        <line num="100" count="2" type="cond" truecount="2" falsecount="0"/>
        <line num="101" count="1" type="stmt"/>
        <line num="103" count="10" type="stmt"/>
        <line num="123" count="9" type="cond" truecount="2" falsecount="0"/>
        <line num="124" count="1" type="stmt"/>
        <line num="127" count="8" type="stmt"/>
        <line num="128" count="8" type="stmt"/>
        <line num="129" count="8" type="stmt"/>
        <line num="130" count="8" type="stmt"/>
        <line num="132" count="8" type="stmt"/>
        <line num="133" count="8" type="stmt"/>
        <line num="134" count="8" type="stmt"/>
        <line num="135" count="8" type="stmt"/>
        <line num="136" count="21" type="stmt"/>
        <line num="137" count="21" type="cond" truecount="2" falsecount="0"/>
        <line num="138" count="13" type="stmt"/>
        <line num="139" count="13" type="stmt"/>
        <line num="140" count="13" type="stmt"/>
        <line num="145" count="8" type="stmt"/>
        <line num="147" count="8" type="stmt"/>
        <line num="148" count="8" type="stmt"/>
        <line num="151" count="8" type="stmt"/>
        <line num="157" count="8" type="stmt"/>
      </file>
      <file name="route.ts" path="C:\Users\axela\Desktop\apikey\proxy\src\proxy\route.ts">
        <metrics statements="15" coveredstatements="14" conditionals="16" coveredconditionals="12" methods="4" coveredmethods="4"/>
        <line num="16" count="2" type="stmt"/>
        <line num="17" count="2" type="cond" truecount="1" falsecount="1"/>
        <line num="20" count="2" type="cond" truecount="1" falsecount="1"/>
        <line num="28" count="11" type="stmt"/>
        <line num="48" count="13" type="cond" truecount="2" falsecount="0"/>
        <line num="49" count="11" type="cond" truecount="4" falsecount="0"/>
        <line num="50" count="1" type="stmt"/>
        <line num="52" count="10" type="stmt"/>
        <line num="55" count="2" type="cond" truecount="1" falsecount="1"/>
        <line num="56" count="2" type="stmt"/>
        <line num="57" count="2" type="cond" truecount="1" falsecount="1"/>
        <line num="58" count="2" type="stmt"/>
        <line num="59" count="2" type="cond" truecount="2" falsecount="0"/>
        <line num="60" count="1" type="stmt"/>
        <line num="63" count="0" type="stmt"/>
      </file>
      <file name="usage-meter.ts" path="C:\Users\axela\Desktop\apikey\proxy\src\proxy\usage-meter.ts">
        <metrics statements="39" coveredstatements="39" conditionals="50" coveredconditionals="45" methods="6" coveredmethods="6"/>
        <line num="27" count="30" type="cond" truecount="4" falsecount="0"/>
        <line num="32" count="19" type="cond" truecount="3" falsecount="1"/>
        <line num="33" count="19" type="stmt"/>
        <line num="37" count="19" type="cond" truecount="4" falsecount="0"/>
        <line num="42" count="19" type="cond" truecount="2" falsecount="0"/>
        <line num="43" count="19" type="cond" truecount="4" falsecount="0"/>
        <line num="44" count="8" type="cond" truecount="2" falsecount="0"/>
        <line num="45" count="8" type="cond" truecount="2" falsecount="0"/>
        <line num="46" count="8" type="cond" truecount="3" falsecount="1"/>
        <line num="47" count="8" type="stmt"/>
        <line num="52" count="11" type="stmt"/>
        <line num="53" count="11" type="cond" truecount="4" falsecount="0"/>
        <line num="54" count="3" type="stmt"/>
        <line num="55" count="3" type="stmt"/>
        <line num="56" count="3" type="cond" truecount="2" falsecount="2"/>
        <line num="57" count="3" type="stmt"/>
        <line num="61" count="8" type="stmt"/>
        <line num="65" count="18" type="stmt"/>
        <line num="66" count="18" type="stmt"/>
        <line num="67" count="18" type="stmt"/>
        <line num="68" count="18" type="stmt"/>
        <line num="72" count="31" type="stmt"/>
        <line num="74" count="31" type="stmt"/>
        <line num="75" count="40" type="stmt"/>
        <line num="76" count="40" type="stmt"/>
        <line num="77" count="40" type="stmt"/>
        <line num="83" count="18" type="cond" truecount="2" falsecount="0"/>
        <line num="84" count="9" type="stmt"/>
        <line num="85" count="9" type="stmt"/>
        <line num="91" count="18" type="cond" truecount="4" falsecount="0"/>
        <line num="92" count="8" type="stmt"/>
        <line num="96" count="49" type="stmt"/>
        <line num="98" count="49" type="cond" truecount="2" falsecount="0"/>
        <line num="101" count="49" type="cond" truecount="2" falsecount="0"/>
        <line num="102" count="20" type="stmt"/>
        <line num="103" count="20" type="stmt"/>
        <line num="104" count="20" type="cond" truecount="2" falsecount="0"/>
        <line num="107" count="11" type="cond" truecount="2" falsecount="0"/>
        <line num="108" count="11" type="cond" truecount="1" falsecount="1"/>
      </file>
    </package>
    <package name="src.settlement">
      <metrics statements="16" coveredstatements="10" conditionals="16" coveredconditionals="11" methods="1" coveredmethods="1"/>
      <file name="settle.ts" path="C:\Users\axela\Desktop\apikey\proxy\src\settlement\settle.ts">
        <metrics statements="16" coveredstatements="10" conditionals="16" coveredconditionals="11" methods="1" coveredmethods="1"/>
        <line num="42" count="6" type="stmt"/>
        <line num="43" count="6" type="stmt"/>
        <line num="55" count="6" type="cond" truecount="1" falsecount="1"/>
        <line num="58" count="0" type="stmt"/>
        <line num="64" count="0" type="stmt"/>
        <line num="68" count="6" type="stmt"/>
        <line num="71" count="6" type="cond" truecount="1" falsecount="1"/>
        <line num="72" count="0" type="stmt"/>
        <line num="74" count="6" type="cond" truecount="1" falsecount="1"/>
        <line num="75" count="0" type="stmt"/>
        <line num="77" count="6" type="cond" truecount="1" falsecount="1"/>
        <line num="78" count="6" type="stmt"/>
        <line num="80" count="6" type="cond" truecount="3" falsecount="1"/>
        <line num="81" count="0" type="stmt"/>
        <line num="84" count="6" type="stmt"/>
        <line num="95" count="0" type="stmt"/>
      </file>
    </package>
  </project>
</coverage>
