{"C:\\Users\\axela\\Desktop\\apikey\\proxy\\src\\config.ts": {"path":"C:\\Users\\axela\\Desktop\\apikey\\proxy\\src\\config.ts","statementMap":{"0":{"start":{"line":6,"column":31},"end":{"line":6,"column":null}},"1":{"start":{"line":9,"column":29},"end":{"line":9,"column":null}},"2":{"start":{"line":12,"column":31},"end":{"line":12,"column":null}},"3":{"start":{"line":18,"column":37},"end":{"line":18,"column":null}},"4":{"start":{"line":21,"column":43},"end":{"line":21,"column":null}},"5":{"start":{"line":24,"column":30},"end":{"line":24,"column":null}},"6":{"start":{"line":27,"column":31},"end":{"line":27,"column":null}},"7":{"start":{"line":34,"column":37},"end":{"line":43,"column":null}},"8":{"start":{"line":46,"column":32},"end":{"line":46,"column":null}}},"fnMap":{},"branchMap":{},"s":{"0":3,"1":3,"2":3,"3":3,"4":3,"5":3,"6":3,"7":3,"8":3},"f":{},"b":{},"meta":{"lastBranch":0,"lastFunction":0,"lastStatement":9,"seen":{"s:6:31:6:Infinity":0,"s:9:29:9:Infinity":1,"s:12:31:12:Infinity":2,"s:18:37:18:Infinity":3,"s:21:43:21:Infinity":4,"s:24:30:24:Infinity":5,"s:27:31:27:Infinity":6,"s:34:37:43:Infinity":7,"s:46:32:46:Infinity":8}}}
,"C:\\Users\\axela\\Desktop\\apikey\\proxy\\src\\index.ts": {"path":"C:\\Users\\axela\\Desktop\\apikey\\proxy\\src\\index.ts","statementMap":{"0":{"start":{"line":35,"column":12},"end":{"line":35,"column":null}},"1":{"start":{"line":38,"column":0},"end":{"line":38,"column":null}},"2":{"start":{"line":38,"column":27},"end":{"line":38,"column":47}},"3":{"start":{"line":41,"column":0},"end":{"line":41,"column":null}},"4":{"start":{"line":44,"column":0},"end":{"line":201,"column":null}},"5":{"start":{"line":45,"column":14},"end":{"line":45,"column":null}},"6":{"start":{"line":46,"column":20},"end":{"line":46,"column":null}},"7":{"start":{"line":47,"column":20},"end":{"line":47,"column":null}},"8":{"start":{"line":50,"column":2},"end":{"line":53,"column":null}},"9":{"start":{"line":51,"column":4},"end":{"line":51,"column":null}},"10":{"start":{"line":52,"column":4},"end":{"line":52,"column":null}},"11":{"start":{"line":56,"column":18},"end":{"line":56,"column":null}},"12":{"start":{"line":57,"column":2},"end":{"line":64,"column":null}},"13":{"start":{"line":58,"column":4},"end":{"line":61,"column":null}},"14":{"start":{"line":59,"column":6},"end":{"line":59,"column":null}},"15":{"start":{"line":60,"column":6},"end":{"line":60,"column":null}},"16":{"start":{"line":62,"column":4},"end":{"line":62,"column":null}},"17":{"start":{"line":63,"column":4},"end":{"line":63,"column":null}},"18":{"start":{"line":67,"column":2},"end":{"line":81,"column":null}},"19":{"start":{"line":68,"column":26},"end":{"line":68,"column":null}},"20":{"start":{"line":69,"column":4},"end":{"line":80,"column":null}},"21":{"start":{"line":70,"column":6},"end":{"line":70,"column":null}},"22":{"start":{"line":71,"column":6},"end":{"line":79,"column":null}},"23":{"start":{"line":84,"column":2},"end":{"line":93,"column":null}},"24":{"start":{"line":85,"column":23},"end":{"line":85,"column":null}},"25":{"start":{"line":86,"column":4},"end":{"line":92,"column":null}},"26":{"start":{"line":87,"column":6},"end":{"line":87,"column":null}},"27":{"start":{"line":88,"column":6},"end":{"line":91,"column":null}},"28":{"start":{"line":96,"column":2},"end":{"line":109,"column":null}},"29":{"start":{"line":97,"column":27},"end":{"line":101,"column":null}},"30":{"start":{"line":102,"column":4},"end":{"line":108,"column":null}},"31":{"start":{"line":103,"column":6},"end":{"line":103,"column":null}},"32":{"start":{"line":104,"column":6},"end":{"line":107,"column":null}},"33":{"start":{"line":112,"column":2},"end":{"line":129,"column":null}},"34":{"start":{"line":113,"column":27},"end":{"line":117,"column":null}},"35":{"start":{"line":118,"column":4},"end":{"line":128,"column":null}},"36":{"start":{"line":119,"column":6},"end":{"line":119,"column":null}},"37":{"start":{"line":120,"column":6},"end":{"line":127,"column":null}},"38":{"start":{"line":132,"column":2},"end":{"line":143,"column":null}},"39":{"start":{"line":133,"column":4},"end":{"line":133,"column":null}},"40":{"start":{"line":134,"column":4},"end":{"line":142,"column":null}},"41":{"start":{"line":146,"column":24},"end":{"line":146,"column":null}},"42":{"start":{"line":147,"column":2},"end":{"line":150,"column":null}},"43":{"start":{"line":148,"column":4},"end":{"line":148,"column":null}},"44":{"start":{"line":149,"column":4},"end":{"line":149,"column":null}},"45":{"start":{"line":154,"column":2},"end":{"line":163,"column":null}},"46":{"start":{"line":155,"column":4},"end":{"line":155,"column":null}},"47":{"start":{"line":157,"column":4},"end":{"line":160,"column":null}},"48":{"start":{"line":158,"column":6},"end":{"line":158,"column":null}},"49":{"start":{"line":159,"column":6},"end":{"line":159,"column":null}},"50":{"start":{"line":161,"column":4},"end":{"line":161,"column":null}},"51":{"start":{"line":162,"column":4},"end":{"line":162,"column":null}},"52":{"start":{"line":169,"column":20},"end":{"line":169,"column":null}},"53":{"start":{"line":171,"column":2},"end":{"line":198,"column":null}},"54":{"start":{"line":174,"column":6},"end":{"line":182,"column":null}},"55":{"start":{"line":175,"column":8},"end":{"line":180,"column":null}},"56":{"start":{"line":181,"column":8},"end":{"line":181,"column":null}},"57":{"start":{"line":184,"column":12},"end":{"line":184,"column":null}},"58":{"start":{"line":185,"column":6},"end":{"line":196,"column":null}},"59":{"start":{"line":200,"column":2},"end":{"line":200,"column":null}},"60":{"start":{"line":203,"column":0},"end":{"line":203,"column":null}},"61":{"start":{"line":203,"column":20},"end":{"line":203,"column":55}},"62":{"start":{"line":207,"column":0},"end":{"line":221,"column":null}},"63":{"start":{"line":208,"column":20},"end":{"line":208,"column":null}},"64":{"start":{"line":209,"column":2},"end":{"line":209,"column":null}},"65":{"start":{"line":210,"column":2},"end":{"line":219,"column":null}},"66":{"start":{"line":211,"column":4},"end":{"line":216,"column":null}},"67":{"start":{"line":220,"column":2},"end":{"line":220,"column":null}},"68":{"start":{"line":228,"column":4},"end":{"line":228,"column":null}}},"fnMap":{"0":{"name":"(anonymous_0)","decl":{"start":{"line":38,"column":8},"end":{"line":38,"column":21}},"loc":{"start":{"line":38,"column":27},"end":{"line":38,"column":47}},"line":38},"1":{"name":"(anonymous_1)","decl":{"start":{"line":44,"column":48},"end":{"line":44,"column":55}},"loc":{"start":{"line":44,"column":61},"end":{"line":201,"column":1}},"line":44},"2":{"name":"(anonymous_2)","decl":{"start":{"line":172,"column":9},"end":{"line":172,"column":15}},"loc":{"start":{"line":172,"column":41},"end":{"line":197,"column":5}},"line":172},"3":{"name":"(anonymous_3)","decl":{"start":{"line":203,"column":4},"end":{"line":203,"column":14}},"loc":{"start":{"line":203,"column":20},"end":{"line":203,"column":55}},"line":203},"4":{"name":"(anonymous_4)","decl":{"start":{"line":207,"column":4},"end":{"line":207,"column":13}},"loc":{"start":{"line":207,"column":24},"end":{"line":221,"column":1}},"line":207},"5":{"name":"scheduled","decl":{"start":{"line":226,"column":2},"end":{"line":226,"column":12}},"loc":{"start":{"line":226,"column":75},"end":{"line":229,"column":null}},"line":226}},"branchMap":{"0":{"loc":{"start":{"line":50,"column":2},"end":{"line":53,"column":null}},"type":"if","locations":[{"start":{"line":50,"column":2},"end":{"line":53,"column":null}},{"start":{},"end":{}}],"line":50},"1":{"loc":{"start":{"line":57,"column":2},"end":{"line":64,"column":null}},"type":"if","locations":[{"start":{"line":57,"column":2},"end":{"line":64,"column":null}},{"start":{},"end":{}}],"line":57},"2":{"loc":{"start":{"line":58,"column":4},"end":{"line":61,"column":null}},"type":"if","locations":[{"start":{"line":58,"column":4},"end":{"line":61,"column":null}},{"start":{},"end":{}}],"line":58},"3":{"loc":{"start":{"line":67,"column":2},"end":{"line":81,"column":null}},"type":"if","locations":[{"start":{"line":67,"column":2},"end":{"line":81,"column":null}},{"start":{},"end":{}}],"line":67},"4":{"loc":{"start":{"line":69,"column":4},"end":{"line":80,"column":null}},"type":"if","locations":[{"start":{"line":69,"column":4},"end":{"line":80,"column":null}},{"start":{},"end":{}}],"line":69},"5":{"loc":{"start":{"line":84,"column":2},"end":{"line":93,"column":null}},"type":"if","locations":[{"start":{"line":84,"column":2},"end":{"line":93,"column":null}},{"start":{},"end":{}}],"line":84},"6":{"loc":{"start":{"line":86,"column":4},"end":{"line":92,"column":null}},"type":"if","locations":[{"start":{"line":86,"column":4},"end":{"line":92,"column":null}},{"start":{},"end":{}}],"line":86},"7":{"loc":{"start":{"line":96,"column":2},"end":{"line":109,"column":null}},"type":"if","locations":[{"start":{"line":96,"column":2},"end":{"line":109,"column":null}},{"start":{},"end":{}}],"line":96},"8":{"loc":{"start":{"line":102,"column":4},"end":{"line":108,"column":null}},"type":"if","locations":[{"start":{"line":102,"column":4},"end":{"line":108,"column":null}},{"start":{},"end":{}}],"line":102},"9":{"loc":{"start":{"line":112,"column":2},"end":{"line":129,"column":null}},"type":"if","locations":[{"start":{"line":112,"column":2},"end":{"line":129,"column":null}},{"start":{},"end":{}}],"line":112},"10":{"loc":{"start":{"line":112,"column":6},"end":{"line":112,"column":50}},"type":"binary-expr","locations":[{"start":{"line":112,"column":6},"end":{"line":112,"column":23}},{"start":{"line":112,"column":23},"end":{"line":112,"column":50}}],"line":112},"11":{"loc":{"start":{"line":118,"column":4},"end":{"line":128,"column":null}},"type":"if","locations":[{"start":{"line":118,"column":4},"end":{"line":128,"column":null}},{"start":{},"end":{}}],"line":118},"12":{"loc":{"start":{"line":132,"column":2},"end":{"line":143,"column":null}},"type":"if","locations":[{"start":{"line":132,"column":2},"end":{"line":143,"column":null}},{"start":{},"end":{}}],"line":132},"13":{"loc":{"start":{"line":146,"column":31},"end":{"line":146,"column":66}},"type":"binary-expr","locations":[{"start":{"line":146,"column":31},"end":{"line":146,"column":65}},{"start":{"line":146,"column":65},"end":{"line":146,"column":66}}],"line":146},"14":{"loc":{"start":{"line":147,"column":2},"end":{"line":150,"column":null}},"type":"if","locations":[{"start":{"line":147,"column":2},"end":{"line":150,"column":null}},{"start":{},"end":{}}],"line":147},"15":{"loc":{"start":{"line":157,"column":4},"end":{"line":160,"column":null}},"type":"if","locations":[{"start":{"line":157,"column":4},"end":{"line":160,"column":null}},{"start":{},"end":{}}],"line":157},"16":{"loc":{"start":{"line":174,"column":6},"end":{"line":182,"column":null}},"type":"if","locations":[{"start":{"line":174,"column":6},"end":{"line":182,"column":null}},{"start":{},"end":{}}],"line":174},"17":{"loc":{"start":{"line":214,"column":12},"end":{"line":214,"column":29}},"type":"binary-expr","locations":[{"start":{"line":214,"column":12},"end":{"line":214,"column":25}},{"start":{"line":214,"column":25},"end":{"line":214,"column":29}}],"line":214}},"s":{"0":2,"1":2,"2":0,"3":2,"4":2,"5":14,"6":14,"7":14,"8":14,"9":1,"10":1,"11":13,"12":13,"13":2,"14":1,"15":1,"16":1,"17":1,"18":11,"19":11,"20":11,"21":0,"22":0,"23":11,"24":1,"25":1,"26":1,"27":1,"28":10,"29":1,"30":1,"31":1,"32":1,"33":9,"34":0,"35":0,"36":0,"37":0,"38":9,"39":1,"40":1,"41":8,"42":14,"43":1,"44":1,"45":7,"46":7,"47":0,"48":0,"49":0,"50":0,"51":0,"52":7,"53":7,"54":7,"55":1,"56":1,"57":6,"58":6,"59":7,"60":2,"61":0,"62":2,"63":0,"64":0,"65":0,"66":0,"67":0,"68":0},"f":{"0":0,"1":14,"2":7,"3":0,"4":0,"5":0},"b":{"0":[1,13],"1":[2,11],"2":[1,1],"3":[11,0],"4":[0,11],"5":[1,10],"6":[1,0],"7":[1,9],"8":[1,0],"9":[0,9],"10":[9,1],"11":[0,0],"12":[1,8],"13":[8,7],"14":[1,13],"15":[0,0],"16":[1,6],"17":[0,0]},"meta":{"lastBranch":18,"lastFunction":6,"lastStatement":69,"seen":{"s:35:12:35:Infinity":0,"s:38:0:38:Infinity":1,"f:38:8:38:21":0,"s:38:27:38:47":2,"s:41:0:41:Infinity":3,"s:44:0:201:Infinity":4,"f:44:48:44:55":1,"s:45:14:45:Infinity":5,"s:46:20:46:Infinity":6,"s:47:20:47:Infinity":7,"b:50:2:53:Infinity:undefined:undefined:undefined:undefined":0,"s:50:2:53:Infinity":8,"s:51:4:51:Infinity":9,"s:52:4:52:Infinity":10,"s:56:18:56:Infinity":11,"b:57:2:64:Infinity:undefined:undefined:undefined:undefined":1,"s:57:2:64:Infinity":12,"b:58:4:61:Infinity:undefined:undefined:undefined:undefined":2,"s:58:4:61:Infinity":13,"s:59:6:59:Infinity":14,"s:60:6:60:Infinity":15,"s:62:4:62:Infinity":16,"s:63:4:63:Infinity":17,"b:67:2:81:Infinity:undefined:undefined:undefined:undefined":3,"s:67:2:81:Infinity":18,"s:68:26:68:Infinity":19,"b:69:4:80:Infinity:undefined:undefined:undefined:undefined":4,"s:69:4:80:Infinity":20,"s:70:6:70:Infinity":21,"s:71:6:79:Infinity":22,"b:84:2:93:Infinity:undefined:undefined:undefined:undefined":5,"s:84:2:93:Infinity":23,"s:85:23:85:Infinity":24,"b:86:4:92:Infinity:undefined:undefined:undefined:undefined":6,"s:86:4:92:Infinity":25,"s:87:6:87:Infinity":26,"s:88:6:91:Infinity":27,"b:96:2:109:Infinity:undefined:undefined:undefined:undefined":7,"s:96:2:109:Infinity":28,"s:97:27:101:Infinity":29,"b:102:4:108:Infinity:undefined:undefined:undefined:undefined":8,"s:102:4:108:Infinity":30,"s:103:6:103:Infinity":31,"s:104:6:107:Infinity":32,"b:112:2:129:Infinity:undefined:undefined:undefined:undefined":9,"s:112:2:129:Infinity":33,"b:112:6:112:23:112:23:112:50":10,"s:113:27:117:Infinity":34,"b:118:4:128:Infinity:undefined:undefined:undefined:undefined":11,"s:118:4:128:Infinity":35,"s:119:6:119:Infinity":36,"s:120:6:127:Infinity":37,"b:132:2:143:Infinity:undefined:undefined:undefined:undefined":12,"s:132:2:143:Infinity":38,"s:133:4:133:Infinity":39,"s:134:4:142:Infinity":40,"s:146:24:146:Infinity":41,"b:146:31:146:65:146:65:146:66":13,"b:147:2:150:Infinity:undefined:undefined:undefined:undefined":14,"s:147:2:150:Infinity":42,"s:148:4:148:Infinity":43,"s:149:4:149:Infinity":44,"s:154:2:163:Infinity":45,"s:155:4:155:Infinity":46,"b:157:4:160:Infinity:undefined:undefined:undefined:undefined":15,"s:157:4:160:Infinity":47,"s:158:6:158:Infinity":48,"s:159:6:159:Infinity":49,"s:161:4:161:Infinity":50,"s:162:4:162:Infinity":51,"s:169:20:169:Infinity":52,"s:171:2:198:Infinity":53,"f:172:9:172:15":2,"b:174:6:182:Infinity:undefined:undefined:undefined:undefined":16,"s:174:6:182:Infinity":54,"s:175:8:180:Infinity":55,"s:181:8:181:Infinity":56,"s:184:12:184:Infinity":57,"s:185:6:196:Infinity":58,"s:200:2:200:Infinity":59,"s:203:0:203:Infinity":60,"f:203:4:203:14":3,"s:203:20:203:55":61,"s:207:0:221:Infinity":62,"f:207:4:207:13":4,"s:208:20:208:Infinity":63,"s:209:2:209:Infinity":64,"s:210:2:219:Infinity":65,"s:211:4:216:Infinity":66,"b:214:12:214:25:214:25:214:29":17,"s:220:2:220:Infinity":67,"f:226:2:226:12":5,"s:228:4:228:Infinity":68}}}
,"C:\\Users\\axela\\Desktop\\apikey\\proxy\\src\\types.ts": {"path":"C:\\Users\\axela\\Desktop\\apikey\\proxy\\src\\types.ts","statementMap":{},"fnMap":{},"branchMap":{},"s":{},"f":{},"b":{},"meta":{"lastBranch":0,"lastFunction":0,"lastStatement":0,"seen":{}}}
,"C:\\Users\\axela\\Desktop\\apikey\\proxy\\src\\admin\\purge.ts": {"path":"C:\\Users\\axela\\Desktop\\apikey\\proxy\\src\\admin\\purge.ts","statementMap":{"0":{"start":{"line":17,"column":20},"end":{"line":17,"column":null}},"1":{"start":{"line":22,"column":17},"end":{"line":22,"column":null}},"2":{"start":{"line":23,"column":2},"end":{"line":25,"column":null}},"3":{"start":{"line":24,"column":4},"end":{"line":24,"column":null}},"4":{"start":{"line":27,"column":8},"end":{"line":27,"column":null}},"5":{"start":{"line":28,"column":2},"end":{"line":30,"column":null}},"6":{"start":{"line":29,"column":4},"end":{"line":29,"column":null}},"7":{"start":{"line":32,"column":16},"end":{"line":32,"column":null}},"8":{"start":{"line":32,"column":47},"end":{"line":32,"column":51}},"9":{"start":{"line":33,"column":18},"end":{"line":33,"column":null}},"10":{"start":{"line":34,"column":2},"end":{"line":36,"column":null}},"11":{"start":{"line":35,"column":4},"end":{"line":35,"column":null}},"12":{"start":{"line":38,"column":2},"end":{"line":38,"column":null}},"13":{"start":{"line":39,"column":2},"end":{"line":39,"column":null}},"14":{"start":{"line":40,"column":2},"end":{"line":40,"column":null}}},"fnMap":{"0":{"name":"handlePurge","decl":{"start":{"line":19,"column":22},"end":{"line":19,"column":null}},"loc":{"start":{"line":21,"column":21},"end":{"line":41,"column":null}},"line":21},"1":{"name":"(anonymous_1)","decl":{"start":{"line":32,"column":35},"end":{"line":32,"column":47}},"loc":{"start":{"line":32,"column":47},"end":{"line":32,"column":51}},"line":32}},"branchMap":{"0":{"loc":{"start":{"line":23,"column":2},"end":{"line":25,"column":null}},"type":"if","locations":[{"start":{"line":23,"column":2},"end":{"line":25,"column":null}},{"start":{},"end":{}}],"line":23},"1":{"loc":{"start":{"line":27,"column":17},"end":{"line":27,"column":54}},"type":"binary-expr","locations":[{"start":{"line":27,"column":17},"end":{"line":27,"column":50}},{"start":{"line":27,"column":50},"end":{"line":27,"column":54}}],"line":27},"2":{"loc":{"start":{"line":28,"column":2},"end":{"line":30,"column":null}},"type":"if","locations":[{"start":{"line":28,"column":2},"end":{"line":30,"column":null}},{"start":{},"end":{}}],"line":28},"3":{"loc":{"start":{"line":34,"column":2},"end":{"line":36,"column":null}},"type":"if","locations":[{"start":{"line":34,"column":2},"end":{"line":36,"column":null}},{"start":{},"end":{}}],"line":34},"4":{"loc":{"start":{"line":34,"column":6},"end":{"line":34,"column":65}},"type":"binary-expr","locations":[{"start":{"line":34,"column":6},"end":{"line":34,"column":37}},{"start":{"line":34,"column":37},"end":{"line":34,"column":65}}],"line":34}},"s":{"0":2,"1":4,"2":4,"3":1,"4":3,"5":4,"6":1,"7":2,"8":0,"9":2,"10":4,"11":1,"12":1,"13":1,"14":1},"f":{"0":4,"1":0},"b":{"0":[1,3],"1":[3,0],"2":[1,3],"3":[1,3],"4":[4,2]},"meta":{"lastBranch":5,"lastFunction":2,"lastStatement":15,"seen":{"s:17:20:17:Infinity":0,"f:19:22:19:Infinity":0,"s:22:17:22:Infinity":1,"b:23:2:25:Infinity:undefined:undefined:undefined:undefined":0,"s:23:2:25:Infinity":2,"s:24:4:24:Infinity":3,"s:27:8:27:Infinity":4,"b:27:17:27:50:27:50:27:54":1,"b:28:2:30:Infinity:undefined:undefined:undefined:undefined":2,"s:28:2:30:Infinity":5,"s:29:4:29:Infinity":6,"s:32:16:32:Infinity":7,"f:32:35:32:47":1,"s:32:47:32:51":8,"s:33:18:33:Infinity":9,"b:34:2:36:Infinity:undefined:undefined:undefined:undefined":3,"s:34:2:36:Infinity":10,"b:34:6:34:37:34:37:34:65":4,"s:35:4:35:Infinity":11,"s:38:2:38:Infinity":12,"s:39:2:39:Infinity":13,"s:40:2:40:Infinity":14}}}
,"C:\\Users\\axela\\Desktop\\apikey\\proxy\\src\\cache\\context.ts": {"path":"C:\\Users\\axela\\Desktop\\apikey\\proxy\\src\\cache\\context.ts","statementMap":{"0":{"start":{"line":13,"column":6},"end":{"line":13,"column":null}},"1":{"start":{"line":13,"column":33},"end":{"line":13,"column":null}},"2":{"start":{"line":16,"column":17},"end":{"line":16,"column":null}},"3":{"start":{"line":17,"column":2},"end":{"line":17,"column":null}},"4":{"start":{"line":24,"column":2},"end":{"line":24,"column":null}},"5":{"start":{"line":32,"column":2},"end":{"line":34,"column":null}},"6":{"start":{"line":39,"column":2},"end":{"line":39,"column":null}},"7":{"start":{"line":44,"column":24},"end":{"line":44,"column":null}},"8":{"start":{"line":45,"column":6},"end":{"line":45,"column":null}},"9":{"start":{"line":45,"column":33},"end":{"line":45,"column":null}},"10":{"start":{"line":51,"column":2},"end":{"line":51,"column":null}},"11":{"start":{"line":55,"column":2},"end":{"line":55,"column":null}},"12":{"start":{"line":59,"column":26},"end":{"line":59,"column":null}},"13":{"start":{"line":63,"column":2},"end":{"line":63,"column":null}},"14":{"start":{"line":66,"column":6},"end":{"line":66,"column":null}},"15":{"start":{"line":66,"column":49},"end":{"line":66,"column":null}},"16":{"start":{"line":74,"column":12},"end":{"line":74,"column":null}},"17":{"start":{"line":75,"column":2},"end":{"line":75,"column":null}},"18":{"start":{"line":85,"column":18},"end":{"line":85,"column":null}},"19":{"start":{"line":86,"column":2},"end":{"line":88,"column":null}},"20":{"start":{"line":92,"column":26},"end":{"line":92,"column":null}},"21":{"start":{"line":96,"column":2},"end":{"line":96,"column":null}},"22":{"start":{"line":99,"column":6},"end":{"line":100,"column":null}},"23":{"start":{"line":100,"column":2},"end":{"line":100,"column":null}},"24":{"start":{"line":108,"column":12},"end":{"line":108,"column":null}},"25":{"start":{"line":109,"column":2},"end":{"line":109,"column":null}},"26":{"start":{"line":118,"column":18},"end":{"line":118,"column":null}},"27":{"start":{"line":119,"column":2},"end":{"line":121,"column":null}},"28":{"start":{"line":125,"column":6},"end":{"line":125,"column":null}},"29":{"start":{"line":125,"column":53},"end":{"line":125,"column":null}},"30":{"start":{"line":133,"column":12},"end":{"line":133,"column":null}},"31":{"start":{"line":134,"column":2},"end":{"line":134,"column":null}},"32":{"start":{"line":144,"column":18},"end":{"line":144,"column":null}},"33":{"start":{"line":145,"column":2},"end":{"line":147,"column":null}},"34":{"start":{"line":151,"column":6},"end":{"line":152,"column":null}},"35":{"start":{"line":152,"column":2},"end":{"line":152,"column":null}},"36":{"start":{"line":160,"column":12},"end":{"line":160,"column":null}},"37":{"start":{"line":161,"column":2},"end":{"line":161,"column":null}},"38":{"start":{"line":171,"column":18},"end":{"line":171,"column":null}},"39":{"start":{"line":172,"column":2},"end":{"line":174,"column":null}},"40":{"start":{"line":187,"column":19},"end":{"line":187,"column":null}},"41":{"start":{"line":188,"column":2},"end":{"line":188,"column":null}},"42":{"start":{"line":188,"column":17},"end":{"line":188,"column":null}},"43":{"start":{"line":189,"column":2},"end":{"line":189,"column":null}}},"fnMap":{"0":{"name":"(anonymous_0)","decl":{"start":{"line":13,"column":6},"end":{"line":13,"column":16}},"loc":{"start":{"line":13,"column":33},"end":{"line":13,"column":null}},"line":13},"1":{"name":"ttlSeconds","decl":{"start":{"line":15,"column":9},"end":{"line":15,"column":20}},"loc":{"start":{"line":15,"column":38},"end":{"line":18,"column":null}},"line":15},"2":{"name":"getCachedContext","decl":{"start":{"line":20,"column":22},"end":{"line":20,"column":null}},"loc":{"start":{"line":23,"column":38},"end":{"line":25,"column":null}},"line":23},"3":{"name":"putCachedContext","decl":{"start":{"line":27,"column":22},"end":{"line":27,"column":null}},"loc":{"start":{"line":31,"column":17},"end":{"line":35,"column":null}},"line":31},"4":{"name":"purgeCachedContext","decl":{"start":{"line":38,"column":22},"end":{"line":38,"column":41}},"loc":{"start":{"line":38,"column":80},"end":{"line":40,"column":null}},"line":38},"5":{"name":"(anonymous_5)","decl":{"start":{"line":45,"column":6},"end":{"line":45,"column":16}},"loc":{"start":{"line":45,"column":33},"end":{"line":45,"column":null}},"line":45},"6":{"name":"isKeyNegativelyCached","decl":{"start":{"line":47,"column":22},"end":{"line":47,"column":null}},"loc":{"start":{"line":50,"column":20},"end":{"line":52,"column":null}},"line":50},"7":{"name":"cacheNegativeKey","decl":{"start":{"line":54,"column":22},"end":{"line":54,"column":39}},"loc":{"start":{"line":54,"column":78},"end":{"line":56,"column":null}},"line":54},"8":{"name":"utcDateKey","decl":{"start":{"line":62,"column":16},"end":{"line":62,"column":27}},"loc":{"start":{"line":62,"column":59},"end":{"line":64,"column":null}},"line":62},"9":{"name":"(anonymous_9)","decl":{"start":{"line":66,"column":6},"end":{"line":66,"column":18}},"loc":{"start":{"line":66,"column":49},"end":{"line":66,"column":null}},"line":66},"10":{"name":"getDailySpend","decl":{"start":{"line":69,"column":22},"end":{"line":69,"column":null}},"loc":{"start":{"line":73,"column":19},"end":{"line":76,"column":null}},"line":73},"11":{"name":"addDailySpend","decl":{"start":{"line":79,"column":22},"end":{"line":79,"column":null}},"loc":{"start":{"line":84,"column":17},"end":{"line":89,"column":null}},"line":84},"12":{"name":"utcMonthKey","decl":{"start":{"line":95,"column":16},"end":{"line":95,"column":28}},"loc":{"start":{"line":95,"column":60},"end":{"line":97,"column":null}},"line":95},"13":{"name":"(anonymous_13)","decl":{"start":{"line":99,"column":6},"end":{"line":99,"column":18}},"loc":{"start":{"line":100,"column":2},"end":{"line":100,"column":null}},"line":100},"14":{"name":"getMonthlyCount","decl":{"start":{"line":103,"column":22},"end":{"line":103,"column":null}},"loc":{"start":{"line":107,"column":19},"end":{"line":110,"column":null}},"line":107},"15":{"name":"incrMonthlyCount","decl":{"start":{"line":113,"column":22},"end":{"line":113,"column":null}},"loc":{"start":{"line":117,"column":17},"end":{"line":122,"column":null}},"line":117},"16":{"name":"(anonymous_16)","decl":{"start":{"line":125,"column":6},"end":{"line":125,"column":21}},"loc":{"start":{"line":125,"column":53},"end":{"line":125,"column":null}},"line":125},"17":{"name":"getKeyMonthlySpend","decl":{"start":{"line":128,"column":22},"end":{"line":128,"column":null}},"loc":{"start":{"line":132,"column":19},"end":{"line":135,"column":null}},"line":132},"18":{"name":"addKeyMonthlySpend","decl":{"start":{"line":138,"column":22},"end":{"line":138,"column":null}},"loc":{"start":{"line":143,"column":17},"end":{"line":148,"column":null}},"line":143},"19":{"name":"(anonymous_19)","decl":{"start":{"line":151,"column":6},"end":{"line":151,"column":22}},"loc":{"start":{"line":152,"column":2},"end":{"line":152,"column":null}},"line":152},"20":{"name":"getProjectSpend","decl":{"start":{"line":155,"column":22},"end":{"line":155,"column":null}},"loc":{"start":{"line":159,"column":19},"end":{"line":162,"column":null}},"line":159},"21":{"name":"addProjectSpend","decl":{"start":{"line":165,"column":22},"end":{"line":165,"column":null}},"loc":{"start":{"line":170,"column":17},"end":{"line":175,"column":null}},"line":170},"22":{"name":"updateCachedBalance","decl":{"start":{"line":182,"column":22},"end":{"line":182,"column":null}},"loc":{"start":{"line":186,"column":17},"end":{"line":190,"column":null}},"line":186}},"branchMap":{"0":{"loc":{"start":{"line":17,"column":9},"end":{"line":17,"column":null}},"type":"cond-expr","locations":[{"start":{"line":17,"column":49},"end":{"line":17,"column":58}},{"start":{"line":17,"column":58},"end":{"line":17,"column":null}}],"line":17},"1":{"loc":{"start":{"line":17,"column":9},"end":{"line":17,"column":49}},"type":"binary-expr","locations":[{"start":{"line":17,"column":9},"end":{"line":17,"column":36}},{"start":{"line":17,"column":36},"end":{"line":17,"column":49}}],"line":17},"2":{"loc":{"start":{"line":62,"column":27},"end":{"line":62,"column":59}},"type":"default-arg","locations":[{"start":{"line":62,"column":39},"end":{"line":62,"column":59}}],"line":62},"3":{"loc":{"start":{"line":75,"column":9},"end":{"line":75,"column":null}},"type":"cond-expr","locations":[{"start":{"line":75,"column":13},"end":{"line":75,"column":25}},{"start":{"line":75,"column":25},"end":{"line":75,"column":null}}],"line":75},"4":{"loc":{"start":{"line":95,"column":28},"end":{"line":95,"column":60}},"type":"default-arg","locations":[{"start":{"line":95,"column":40},"end":{"line":95,"column":60}}],"line":95},"5":{"loc":{"start":{"line":109,"column":9},"end":{"line":109,"column":null}},"type":"cond-expr","locations":[{"start":{"line":109,"column":13},"end":{"line":109,"column":25}},{"start":{"line":109,"column":25},"end":{"line":109,"column":null}}],"line":109},"6":{"loc":{"start":{"line":134,"column":9},"end":{"line":134,"column":null}},"type":"cond-expr","locations":[{"start":{"line":134,"column":13},"end":{"line":134,"column":25}},{"start":{"line":134,"column":25},"end":{"line":134,"column":null}}],"line":134},"7":{"loc":{"start":{"line":161,"column":9},"end":{"line":161,"column":null}},"type":"cond-expr","locations":[{"start":{"line":161,"column":13},"end":{"line":161,"column":25}},{"start":{"line":161,"column":25},"end":{"line":161,"column":null}}],"line":161},"8":{"loc":{"start":{"line":188,"column":2},"end":{"line":188,"column":null}},"type":"if","locations":[{"start":{"line":188,"column":2},"end":{"line":188,"column":null}},{"start":{},"end":{}}],"line":188}},"s":{"0":2,"1":41,"2":19,"3":19,"4":21,"5":19,"6":1,"7":2,"8":2,"9":15,"10":14,"11":1,"12":2,"13":1,"14":2,"15":1,"16":1,"17":1,"18":0,"19":0,"20":2,"21":18,"22":2,"23":23,"24":17,"25":17,"26":6,"27":6,"28":2,"29":1,"30":1,"31":1,"32":0,"33":0,"34":2,"35":0,"36":0,"37":0,"38":0,"39":0,"40":6,"41":6,"42":0,"43":6},"f":{"0":41,"1":19,"2":21,"3":19,"4":1,"5":15,"6":14,"7":1,"8":1,"9":1,"10":1,"11":0,"12":18,"13":23,"14":17,"15":6,"16":1,"17":1,"18":0,"19":0,"20":0,"21":0,"22":6},"b":{"0":[19,0],"1":[19,19],"2":[1],"3":[0,1],"4":[18],"5":[2,15],"6":[0,1],"7":[0,0],"8":[0,6]},"meta":{"lastBranch":9,"lastFunction":23,"lastStatement":44,"seen":{"s:13:6:13:Infinity":0,"f:13:6:13:16":0,"s:13:33:13:Infinity":1,"f:15:9:15:20":1,"s:16:17:16:Infinity":2,"s:17:2:17:Infinity":3,"b:17:49:17:58:17:58:17:Infinity":0,"b:17:9:17:36:17:36:17:49":1,"f:20:22:20:Infinity":2,"s:24:2:24:Infinity":4,"f:27:22:27:Infinity":3,"s:32:2:34:Infinity":5,"f:38:22:38:41":4,"s:39:2:39:Infinity":6,"s:44:24:44:Infinity":7,"s:45:6:45:Infinity":8,"f:45:6:45:16":5,"s:45:33:45:Infinity":9,"f:47:22:47:Infinity":6,"s:51:2:51:Infinity":10,"f:54:22:54:39":7,"s:55:2:55:Infinity":11,"s:59:26:59:Infinity":12,"f:62:16:62:27":8,"b:62:39:62:59":2,"s:63:2:63:Infinity":13,"s:66:6:66:Infinity":14,"f:66:6:66:18":9,"s:66:49:66:Infinity":15,"f:69:22:69:Infinity":10,"s:74:12:74:Infinity":16,"s:75:2:75:Infinity":17,"b:75:13:75:25:75:25:75:Infinity":3,"f:79:22:79:Infinity":11,"s:85:18:85:Infinity":18,"s:86:2:88:Infinity":19,"s:92:26:92:Infinity":20,"f:95:16:95:28":12,"b:95:40:95:60":4,"s:96:2:96:Infinity":21,"s:99:6:100:Infinity":22,"f:99:6:99:18":13,"s:100:2:100:Infinity":23,"f:103:22:103:Infinity":14,"s:108:12:108:Infinity":24,"s:109:2:109:Infinity":25,"b:109:13:109:25:109:25:109:Infinity":5,"f:113:22:113:Infinity":15,"s:118:18:118:Infinity":26,"s:119:2:121:Infinity":27,"s:125:6:125:Infinity":28,"f:125:6:125:21":16,"s:125:53:125:Infinity":29,"f:128:22:128:Infinity":17,"s:133:12:133:Infinity":30,"s:134:2:134:Infinity":31,"b:134:13:134:25:134:25:134:Infinity":6,"f:138:22:138:Infinity":18,"s:144:18:144:Infinity":32,"s:145:2:147:Infinity":33,"s:151:6:152:Infinity":34,"f:151:6:151:22":19,"s:152:2:152:Infinity":35,"f:155:22:155:Infinity":20,"s:160:12:160:Infinity":36,"s:161:2:161:Infinity":37,"b:161:13:161:25:161:25:161:Infinity":7,"f:165:22:165:Infinity":21,"s:171:18:171:Infinity":38,"s:172:2:174:Infinity":39,"f:182:22:182:Infinity":22,"s:187:19:187:Infinity":40,"b:188:2:188:Infinity:undefined:undefined:undefined:undefined":8,"s:188:2:188:Infinity":41,"s:188:17:188:Infinity":42,"s:189:2:189:Infinity":43}}}
,"C:\\Users\\axela\\Desktop\\apikey\\proxy\\src\\cron\\low-balance.ts": {"path":"C:\\Users\\axela\\Desktop\\apikey\\proxy\\src\\cron\\low-balance.ts","statementMap":{"0":{"start":{"line":17,"column":2},"end":{"line":17,"column":null}},"1":{"start":{"line":21,"column":17},"end":{"line":21,"column":null}},"2":{"start":{"line":22,"column":15},"end":{"line":37,"column":null}},"3":{"start":{"line":39,"column":14},"end":{"line":46,"column":null}},"4":{"start":{"line":47,"column":2},"end":{"line":47,"column":null}},"5":{"start":{"line":47,"column":15},"end":{"line":47,"column":null}},"6":{"start":{"line":51,"column":2},"end":{"line":54,"column":null}},"7":{"start":{"line":52,"column":4},"end":{"line":52,"column":null}},"8":{"start":{"line":53,"column":4},"end":{"line":53,"column":null}},"9":{"start":{"line":57,"column":2},"end":{"line":62,"column":null}},"10":{"start":{"line":58,"column":4},"end":{"line":58,"column":null}},"11":{"start":{"line":60,"column":4},"end":{"line":60,"column":null}},"12":{"start":{"line":61,"column":4},"end":{"line":61,"column":null}},"13":{"start":{"line":64,"column":2},"end":{"line":73,"column":null}},"14":{"start":{"line":65,"column":4},"end":{"line":72,"column":null}},"15":{"start":{"line":66,"column":6},"end":{"line":66,"column":null}},"16":{"start":{"line":67,"column":6},"end":{"line":67,"column":null}},"17":{"start":{"line":68,"column":6},"end":{"line":68,"column":null}},"18":{"start":{"line":71,"column":6},"end":{"line":71,"column":null}}},"fnMap":{"0":{"name":"usd","decl":{"start":{"line":16,"column":9},"end":{"line":16,"column":13}},"loc":{"start":{"line":16,"column":32},"end":{"line":18,"column":null}},"line":16},"1":{"name":"sendAlertEmail","decl":{"start":{"line":20,"column":15},"end":{"line":20,"column":30}},"loc":{"start":{"line":20,"column":76},"end":{"line":48,"column":null}},"line":20},"2":{"name":"runLowBalanceAlerts","decl":{"start":{"line":50,"column":22},"end":{"line":50,"column":42}},"loc":{"start":{"line":50,"column":67},"end":{"line":74,"column":null}},"line":50}},"branchMap":{"0":{"loc":{"start":{"line":21,"column":17},"end":{"line":21,"column":null}},"type":"binary-expr","locations":[{"start":{"line":21,"column":17},"end":{"line":21,"column":32}},{"start":{"line":21,"column":32},"end":{"line":21,"column":null}}],"line":21},"1":{"loc":{"start":{"line":47,"column":2},"end":{"line":47,"column":null}},"type":"if","locations":[{"start":{"line":47,"column":2},"end":{"line":47,"column":null}},{"start":{},"end":{}}],"line":47},"2":{"loc":{"start":{"line":51,"column":2},"end":{"line":54,"column":null}},"type":"if","locations":[{"start":{"line":51,"column":2},"end":{"line":54,"column":null}},{"start":{},"end":{}}],"line":51},"3":{"loc":{"start":{"line":51,"column":6},"end":{"line":51,"column":47}},"type":"binary-expr","locations":[{"start":{"line":51,"column":6},"end":{"line":51,"column":29}},{"start":{"line":51,"column":29},"end":{"line":51,"column":47}}],"line":51}},"s":{"0":0,"1":0,"2":0,"3":0,"4":0,"5":0,"6":0,"7":0,"8":0,"9":0,"10":0,"11":0,"12":0,"13":0,"14":0,"15":0,"16":0,"17":0,"18":0},"f":{"0":0,"1":0,"2":0},"b":{"0":[0,0],"1":[0,0],"2":[0,0],"3":[0,0]},"meta":{"lastBranch":4,"lastFunction":3,"lastStatement":19,"seen":{"f:16:9:16:13":0,"s:17:2:17:Infinity":0,"f:20:15:20:30":1,"s:21:17:21:Infinity":1,"b:21:17:21:32:21:32:21:Infinity":0,"s:22:15:37:Infinity":2,"s:39:14:46:Infinity":3,"b:47:2:47:Infinity:undefined:undefined:undefined:undefined":1,"s:47:2:47:Infinity":4,"s:47:15:47:Infinity":5,"f:50:22:50:42":2,"b:51:2:54:Infinity:undefined:undefined:undefined:undefined":2,"s:51:2:54:Infinity":6,"b:51:6:51:29:51:29:51:47":3,"s:52:4:52:Infinity":7,"s:53:4:53:Infinity":8,"s:57:2:62:Infinity":9,"s:58:4:58:Infinity":10,"s:60:4:60:Infinity":11,"s:61:4:61:Infinity":12,"s:64:2:73:Infinity":13,"s:65:4:72:Infinity":14,"s:66:6:66:Infinity":15,"s:67:6:67:Infinity":16,"s:68:6:68:Infinity":17,"s:71:6:71:Infinity":18}}}
,"C:\\Users\\axela\\Desktop\\apikey\\proxy\\src\\lib\\alert.ts": {"path":"C:\\Users\\axela\\Desktop\\apikey\\proxy\\src\\lib\\alert.ts","statementMap":{"0":{"start":{"line":12,"column":2},"end":{"line":12,"column":null}},"1":{"start":{"line":12,"column":30},"end":{"line":12,"column":null}},"2":{"start":{"line":13,"column":2},"end":{"line":21,"column":null}},"3":{"start":{"line":14,"column":4},"end":{"line":18,"column":null}},"4":{"start":{"line":28,"column":29},"end":{"line":28,"column":null}},"5":{"start":{"line":29,"column":30},"end":{"line":29,"column":null}},"6":{"start":{"line":32,"column":17},"end":{"line":32,"column":null}},"7":{"start":{"line":33,"column":2},"end":{"line":33,"column":null}},"8":{"start":{"line":41,"column":2},"end":{"line":55,"column":null}},"9":{"start":{"line":42,"column":16},"end":{"line":42,"column":null}},"10":{"start":{"line":43,"column":20},"end":{"line":43,"column":null}},"11":{"start":{"line":44,"column":4},"end":{"line":46,"column":null}},"12":{"start":{"line":47,"column":4},"end":{"line":52,"column":null}},"13":{"start":{"line":48,"column":6},"end":{"line":51,"column":null}}},"fnMap":{"0":{"name":"sendAlert","decl":{"start":{"line":11,"column":22},"end":{"line":11,"column":32}},"loc":{"start":{"line":11,"column":74},"end":{"line":22,"column":null}},"line":11},"1":{"name":"windowKey","decl":{"start":{"line":31,"column":9},"end":{"line":31,"column":19}},"loc":{"start":{"line":31,"column":51},"end":{"line":34,"column":null}},"line":31},"2":{"name":"recordErrorAndMaybeAlert","decl":{"start":{"line":37,"column":22},"end":{"line":37,"column":null}},"loc":{"start":{"line":40,"column":17},"end":{"line":56,"column":null}},"line":40}},"branchMap":{"0":{"loc":{"start":{"line":12,"column":2},"end":{"line":12,"column":null}},"type":"if","locations":[{"start":{"line":12,"column":2},"end":{"line":12,"column":null}},{"start":{},"end":{}}],"line":12},"1":{"loc":{"start":{"line":31,"column":19},"end":{"line":31,"column":51}},"type":"default-arg","locations":[{"start":{"line":31,"column":31},"end":{"line":31,"column":51}}],"line":31},"2":{"loc":{"start":{"line":43,"column":28},"end":{"line":43,"column":62}},"type":"binary-expr","locations":[{"start":{"line":43,"column":28},"end":{"line":43,"column":61}},{"start":{"line":43,"column":61},"end":{"line":43,"column":62}}],"line":43},"3":{"loc":{"start":{"line":47,"column":4},"end":{"line":52,"column":null}},"type":"if","locations":[{"start":{"line":47,"column":4},"end":{"line":52,"column":null}},{"start":{},"end":{}}],"line":47}},"s":{"0":2,"1":1,"2":1,"3":1,"4":3,"5":3,"6":13,"7":13,"8":13,"9":13,"10":13,"11":13,"12":13,"13":2},"f":{"0":2,"1":13,"2":13},"b":{"0":[1,1],"1":[13],"2":[13,2],"3":[2,11]},"meta":{"lastBranch":4,"lastFunction":3,"lastStatement":14,"seen":{"f:11:22:11:32":0,"b:12:2:12:Infinity:undefined:undefined:undefined:undefined":0,"s:12:2:12:Infinity":0,"s:12:30:12:Infinity":1,"s:13:2:21:Infinity":2,"s:14:4:18:Infinity":3,"s:28:29:28:Infinity":4,"s:29:30:29:Infinity":5,"f:31:9:31:19":1,"b:31:31:31:51":1,"s:32:17:32:Infinity":6,"s:33:2:33:Infinity":7,"f:37:22:37:Infinity":2,"s:41:2:55:Infinity":8,"s:42:16:42:Infinity":9,"s:43:20:43:Infinity":10,"b:43:28:43:61:43:61:43:62":2,"s:44:4:46:Infinity":11,"b:47:4:52:Infinity:undefined:undefined:undefined:undefined":3,"s:47:4:52:Infinity":12,"s:48:6:51:Infinity":13}}}
,"C:\\Users\\axela\\Desktop\\apikey\\proxy\\src\\lib\\base64.ts": {"path":"C:\\Users\\axela\\Desktop\\apikey\\proxy\\src\\lib\\base64.ts","statementMap":{"0":{"start":{"line":6,"column":14},"end":{"line":6,"column":null}},"1":{"start":{"line":7,"column":14},"end":{"line":7,"column":null}},"2":{"start":{"line":8,"column":2},"end":{"line":8,"column":null}},"3":{"start":{"line":8,"column":15},"end":{"line":8,"column":18}},"4":{"start":{"line":8,"column":39},"end":{"line":8,"column":null}},"5":{"start":{"line":9,"column":2},"end":{"line":9,"column":null}},"6":{"start":{"line":13,"column":12},"end":{"line":13,"column":null}},"7":{"start":{"line":14,"column":2},"end":{"line":14,"column":null}},"8":{"start":{"line":14,"column":15},"end":{"line":14,"column":18}},"9":{"start":{"line":14,"column":41},"end":{"line":14,"column":null}},"10":{"start":{"line":15,"column":2},"end":{"line":15,"column":null}}},"fnMap":{"0":{"name":"base64ToBytes","decl":{"start":{"line":5,"column":16},"end":{"line":5,"column":30}},"loc":{"start":{"line":5,"column":55},"end":{"line":10,"column":null}},"line":5},"1":{"name":"bytesToBase64","decl":{"start":{"line":12,"column":16},"end":{"line":12,"column":30}},"loc":{"start":{"line":12,"column":57},"end":{"line":16,"column":null}},"line":12}},"branchMap":{},"s":{"0":27,"1":27,"2":27,"3":27,"4":877,"5":27,"6":20,"7":20,"8":20,"9":1113,"10":20},"f":{"0":27,"1":20},"b":{},"meta":{"lastBranch":0,"lastFunction":2,"lastStatement":11,"seen":{"f:5:16:5:30":0,"s:6:14:6:Infinity":0,"s:7:14:7:Infinity":1,"s:8:2:8:Infinity":2,"s:8:15:8:18":3,"s:8:39:8:Infinity":4,"s:9:2:9:Infinity":5,"f:12:16:12:30":1,"s:13:12:13:Infinity":6,"s:14:2:14:Infinity":7,"s:14:15:14:18":8,"s:14:41:14:Infinity":9,"s:15:2:15:Infinity":10}}}
,"C:\\Users\\axela\\Desktop\\apikey\\proxy\\src\\lib\\edge-crypto.ts": {"path":"C:\\Users\\axela\\Desktop\\apikey\\proxy\\src\\lib\\edge-crypto.ts","statementMap":{"0":{"start":{"line":14,"column":17},"end":{"line":14,"column":null}},"1":{"start":{"line":15,"column":18},"end":{"line":15,"column":null}},"2":{"start":{"line":18,"column":8},"end":{"line":18,"column":null}},"3":{"start":{"line":19,"column":2},"end":{"line":22,"column":null}},"4":{"start":{"line":21,"column":4},"end":{"line":21,"column":null}},"5":{"start":{"line":23,"column":2},"end":{"line":26,"column":null}},"6":{"start":{"line":34,"column":14},"end":{"line":34,"column":null}},"7":{"start":{"line":35,"column":13},"end":{"line":35,"column":null}},"8":{"start":{"line":36,"column":13},"end":{"line":40,"column":null}},"9":{"start":{"line":41,"column":18},"end":{"line":41,"column":null}},"10":{"start":{"line":42,"column":14},"end":{"line":42,"column":null}},"11":{"start":{"line":43,"column":2},"end":{"line":43,"column":null}},"12":{"start":{"line":44,"column":2},"end":{"line":44,"column":null}},"13":{"start":{"line":45,"column":2},"end":{"line":45,"column":null}},"14":{"start":{"line":53,"column":14},"end":{"line":53,"column":null}},"15":{"start":{"line":54,"column":8},"end":{"line":54,"column":null}},"16":{"start":{"line":55,"column":13},"end":{"line":55,"column":null}},"17":{"start":{"line":56,"column":13},"end":{"line":56,"column":null}},"18":{"start":{"line":57,"column":13},"end":{"line":57,"column":null}},"19":{"start":{"line":58,"column":2},"end":{"line":58,"column":null}}},"fnMap":{"0":{"name":"importKey","decl":{"start":{"line":17,"column":15},"end":{"line":17,"column":25}},"loc":{"start":{"line":17,"column":64},"end":{"line":27,"column":null}},"line":17},"1":{"name":"encryptEdge","decl":{"start":{"line":30,"column":22},"end":{"line":30,"column":null}},"loc":{"start":{"line":33,"column":19},"end":{"line":46,"column":null}},"line":33},"2":{"name":"decryptEdge","decl":{"start":{"line":49,"column":22},"end":{"line":49,"column":null}},"loc":{"start":{"line":52,"column":19},"end":{"line":59,"column":null}},"line":52}},"branchMap":{"0":{"loc":{"start":{"line":19,"column":2},"end":{"line":22,"column":null}},"type":"if","locations":[{"start":{"line":19,"column":2},"end":{"line":22,"column":null}},{"start":{},"end":{}}],"line":19}},"s":{"0":3,"1":3,"2":22,"3":22,"4":1,"5":21,"6":19,"7":18,"8":18,"9":18,"10":18,"11":18,"12":18,"13":18,"14":3,"15":3,"16":3,"17":3,"18":3,"19":2},"f":{"0":22,"1":19,"2":3},"b":{"0":[1,21]},"meta":{"lastBranch":1,"lastFunction":3,"lastStatement":20,"seen":{"s:14:17:14:Infinity":0,"s:15:18:15:Infinity":1,"f:17:15:17:25":0,"s:18:8:18:Infinity":2,"b:19:2:22:Infinity:undefined:undefined:undefined:undefined":0,"s:19:2:22:Infinity":3,"s:21:4:21:Infinity":4,"s:23:2:26:Infinity":5,"f:30:22:30:Infinity":1,"s:34:14:34:Infinity":6,"s:35:13:35:Infinity":7,"s:36:13:40:Infinity":8,"s:41:18:41:Infinity":9,"s:42:14:42:Infinity":10,"s:43:2:43:Infinity":11,"s:44:2:44:Infinity":12,"s:45:2:45:Infinity":13,"f:49:22:49:Infinity":2,"s:53:14:53:Infinity":14,"s:54:8:54:Infinity":15,"s:55:13:55:Infinity":16,"s:56:13:56:Infinity":17,"s:57:13:57:Infinity":18,"s:58:2:58:Infinity":19}}}
,"C:\\Users\\axela\\Desktop\\apikey\\proxy\\src\\lib\\hash.ts": {"path":"C:\\Users\\axela\\Desktop\\apikey\\proxy\\src\\lib\\hash.ts","statementMap":{"0":{"start":{"line":7,"column":15},"end":{"line":7,"column":null}},"1":{"start":{"line":8,"column":17},"end":{"line":8,"column":null}},"2":{"start":{"line":9,"column":2},"end":{"line":11,"column":null}},"3":{"start":{"line":10,"column":16},"end":{"line":10,"column":47}}},"fnMap":{"0":{"name":"sha256Hex","decl":{"start":{"line":6,"column":22},"end":{"line":6,"column":32}},"loc":{"start":{"line":6,"column":64},"end":{"line":12,"column":null}},"line":6},"1":{"name":"(anonymous_1)","decl":{"start":{"line":10,"column":5},"end":{"line":10,"column":10}},"loc":{"start":{"line":10,"column":16},"end":{"line":10,"column":47}},"line":10}},"branchMap":{},"s":{"0":25,"1":25,"2":25,"3":800},"f":{"0":25,"1":800},"b":{},"meta":{"lastBranch":0,"lastFunction":2,"lastStatement":4,"seen":{"f:6:22:6:32":0,"s:7:15:7:Infinity":0,"s:8:17:8:Infinity":1,"s:9:2:11:Infinity":2,"f:10:5:10:10":1,"s:10:16:10:47":3}}}
,"C:\\Users\\axela\\Desktop\\apikey\\proxy\\src\\lib\\log.ts": {"path":"C:\\Users\\axela\\Desktop\\apikey\\proxy\\src\\lib\\log.ts","statementMap":{"0":{"start":{"line":25,"column":2},"end":{"line":25,"column":null}}},"fnMap":{"0":{"name":"logEvent","decl":{"start":{"line":23,"column":16},"end":{"line":23,"column":25}},"loc":{"start":{"line":23,"column":54},"end":{"line":26,"column":null}},"line":23}},"branchMap":{},"s":{"0":29},"f":{"0":29},"b":{},"meta":{"lastBranch":0,"lastFunction":1,"lastStatement":1,"seen":{"f:23:16:23:25":0,"s:25:2:25:Infinity":0}}}
,"C:\\Users\\axela\\Desktop\\apikey\\proxy\\src\\lib\\rate-limit.ts": {"path":"C:\\Users\\axela\\Desktop\\apikey\\proxy\\src\\lib\\rate-limit.ts","statementMap":{"0":{"start":{"line":12,"column":2},"end":{"line":12,"column":null}},"1":{"start":{"line":12,"column":25},"end":{"line":12,"column":null}},"2":{"start":{"line":13,"column":22},"end":{"line":13,"column":null}},"3":{"start":{"line":14,"column":2},"end":{"line":14,"column":null}},"4":{"start":{"line":22,"column":2},"end":{"line":22,"column":null}},"5":{"start":{"line":22,"column":28},"end":{"line":22,"column":null}},"6":{"start":{"line":23,"column":22},"end":{"line":23,"column":null}},"7":{"start":{"line":24,"column":2},"end":{"line":24,"column":null}}},"fnMap":{"0":{"name":"withinRateLimit","decl":{"start":{"line":11,"column":22},"end":{"line":11,"column":38}},"loc":{"start":{"line":11,"column":79},"end":{"line":15,"column":null}},"line":11},"1":{"name":"withinIpRateLimit","decl":{"start":{"line":21,"column":22},"end":{"line":21,"column":40}},"loc":{"start":{"line":21,"column":80},"end":{"line":25,"column":null}},"line":21}},"branchMap":{"0":{"loc":{"start":{"line":12,"column":2},"end":{"line":12,"column":null}},"type":"if","locations":[{"start":{"line":12,"column":2},"end":{"line":12,"column":null}},{"start":{},"end":{}}],"line":12},"1":{"loc":{"start":{"line":22,"column":2},"end":{"line":22,"column":null}},"type":"if","locations":[{"start":{"line":22,"column":2},"end":{"line":22,"column":null}},{"start":{},"end":{}}],"line":22}},"s":{"0":14,"1":13,"2":1,"3":1,"4":16,"5":16,"6":0,"7":0},"f":{"0":14,"1":16},"b":{"0":[13,1],"1":[16,0]},"meta":{"lastBranch":2,"lastFunction":2,"lastStatement":8,"seen":{"f:11:22:11:38":0,"b:12:2:12:Infinity:undefined:undefined:undefined:undefined":0,"s:12:2:12:Infinity":0,"s:12:25:12:Infinity":1,"s:13:22:13:Infinity":2,"s:14:2:14:Infinity":3,"f:21:22:21:40":1,"b:22:2:22:Infinity:undefined:undefined:undefined:undefined":1,"s:22:2:22:Infinity":4,"s:22:28:22:Infinity":5,"s:23:22:23:Infinity":6,"s:24:2:24:Infinity":7}}}
,"C:\\Users\\axela\\Desktop\\apikey\\proxy\\src\\lib\\secret.ts": {"path":"C:\\Users\\axela\\Desktop\\apikey\\proxy\\src\\lib\\secret.ts","statementMap":{"0":{"start":{"line":11,"column":19},"end":{"line":11,"column":null}},"1":{"start":{"line":12,"column":13},"end":{"line":12,"column":null}},"2":{"start":{"line":13,"column":2},"end":{"line":15,"column":null}},"3":{"start":{"line":13,"column":15},"end":{"line":13,"column":18}},"4":{"start":{"line":14,"column":4},"end":{"line":14,"column":null}},"5":{"start":{"line":16,"column":2},"end":{"line":16,"column":null}}},"fnMap":{"0":{"name":"secretsMatch","decl":{"start":{"line":10,"column":22},"end":{"line":10,"column":35}},"loc":{"start":{"line":10,"column":75},"end":{"line":17,"column":null}},"line":10}},"branchMap":{},"s":{"0":3,"1":3,"2":3,"3":3,"4":192,"5":3},"f":{"0":3},"b":{},"meta":{"lastBranch":0,"lastFunction":1,"lastStatement":6,"seen":{"f:10:22:10:35":0,"s:11:19:11:Infinity":0,"s:12:13:12:Infinity":1,"s:13:2:15:Infinity":2,"s:13:15:13:18":3,"s:14:4:14:Infinity":4,"s:16:2:16:Infinity":5}}}
,"C:\\Users\\axela\\Desktop\\apikey\\proxy\\src\\lib\\supabase.ts": {"path":"C:\\Users\\axela\\Desktop\\apikey\\proxy\\src\\lib\\supabase.ts","statementMap":{"0":{"start":{"line":16,"column":14},"end":{"line":24,"column":null}},"1":{"start":{"line":26,"column":2},"end":{"line":29,"column":null}},"2":{"start":{"line":28,"column":4},"end":{"line":28,"column":null}},"3":{"start":{"line":30,"column":2},"end":{"line":30,"column":null}},"4":{"start":{"line":44,"column":2},"end":{"line":44,"column":null}},"5":{"start":{"line":52,"column":2},"end":{"line":52,"column":null}},"6":{"start":{"line":60,"column":2},"end":{"line":62,"column":null}},"7":{"start":{"line":75,"column":2},"end":{"line":80,"column":null}},"8":{"start":{"line":101,"column":2},"end":{"line":111,"column":null}}},"fnMap":{"0":{"name":"rpc","decl":{"start":{"line":11,"column":15},"end":{"line":11,"column":null}},"loc":{"start":{"line":15,"column":14},"end":{"line":31,"column":null}},"line":15},"1":{"name":"walletsNeedingLowBalanceAlert","decl":{"start":{"line":41,"column":16},"end":{"line":41,"column":null}},"loc":{"start":{"line":43,"column":31},"end":{"line":45,"column":null}},"line":43},"2":{"name":"markLowBalanceAlerted","decl":{"start":{"line":48,"column":16},"end":{"line":48,"column":null}},"loc":{"start":{"line":51,"column":20},"end":{"line":53,"column":null}},"line":51},"3":{"name":"getProxyContext","decl":{"start":{"line":56,"column":16},"end":{"line":56,"column":null}},"loc":{"start":{"line":59,"column":35},"end":{"line":63,"column":null}},"line":59},"4":{"name":"creditWallet","decl":{"start":{"line":66,"column":16},"end":{"line":66,"column":null}},"loc":{"start":{"line":74,"column":20},"end":{"line":81,"column":null}},"line":74},"5":{"name":"debitWallet","decl":{"start":{"line":87,"column":16},"end":{"line":87,"column":null}},"loc":{"start":{"line":100,"column":20},"end":{"line":112,"column":null}},"line":100}},"branchMap":{"0":{"loc":{"start":{"line":26,"column":2},"end":{"line":29,"column":null}},"type":"if","locations":[{"start":{"line":26,"column":2},"end":{"line":29,"column":null}},{"start":{},"end":{}}],"line":26},"1":{"loc":{"start":{"line":106,"column":19},"end":{"line":106,"column":null}},"type":"binary-expr","locations":[{"start":{"line":106,"column":19},"end":{"line":106,"column":40}},{"start":{"line":106,"column":40},"end":{"line":106,"column":null}}],"line":106},"2":{"loc":{"start":{"line":107,"column":19},"end":{"line":107,"column":null}},"type":"binary-expr","locations":[{"start":{"line":107,"column":19},"end":{"line":107,"column":40}},{"start":{"line":107,"column":40},"end":{"line":107,"column":null}}],"line":107},"3":{"loc":{"start":{"line":108,"column":19},"end":{"line":108,"column":null}},"type":"binary-expr","locations":[{"start":{"line":108,"column":19},"end":{"line":108,"column":40}},{"start":{"line":108,"column":40},"end":{"line":108,"column":null}}],"line":108},"4":{"loc":{"start":{"line":109,"column":21},"end":{"line":109,"column":null}},"type":"binary-expr","locations":[{"start":{"line":109,"column":21},"end":{"line":109,"column":44}},{"start":{"line":109,"column":44},"end":{"line":109,"column":null}}],"line":109},"5":{"loc":{"start":{"line":110,"column":25},"end":{"line":110,"column":null}},"type":"binary-expr","locations":[{"start":{"line":110,"column":25},"end":{"line":110,"column":52}},{"start":{"line":110,"column":52},"end":{"line":110,"column":null}}],"line":110}},"s":{"0":20,"1":20,"2":0,"3":20,"4":0,"5":0,"6":14,"7":0,"8":6},"f":{"0":20,"1":0,"2":0,"3":14,"4":0,"5":6},"b":{"0":[0,20],"1":[6,0],"2":[6,0],"3":[6,0],"4":[6,5],"5":[6,5]},"meta":{"lastBranch":6,"lastFunction":6,"lastStatement":9,"seen":{"f:11:15:11:Infinity":0,"s:16:14:24:Infinity":0,"b:26:2:29:Infinity:undefined:undefined:undefined:undefined":0,"s:26:2:29:Infinity":1,"s:28:4:28:Infinity":2,"s:30:2:30:Infinity":3,"f:41:16:41:Infinity":1,"s:44:2:44:Infinity":4,"f:48:16:48:Infinity":2,"s:52:2:52:Infinity":5,"f:56:16:56:Infinity":3,"s:60:2:62:Infinity":6,"f:66:16:66:Infinity":4,"s:75:2:80:Infinity":7,"f:87:16:87:Infinity":5,"s:101:2:111:Infinity":8,"b:106:19:106:40:106:40:106:Infinity":1,"b:107:19:107:40:107:40:107:Infinity":2,"b:108:19:108:40:108:40:108:Infinity":3,"b:109:21:109:44:109:44:109:Infinity":4,"b:110:25:110:52:110:52:110:Infinity":5}}}
,"C:\\Users\\axela\\Desktop\\apikey\\proxy\\src\\lib\\x402.ts": {"path":"C:\\Users\\axela\\Desktop\\apikey\\proxy\\src\\lib\\x402.ts","statementMap":{"0":{"start":{"line":17,"column":2},"end":{"line":32,"column":null}}},"fnMap":{"0":{"name":"buildX402Body","decl":{"start":{"line":16,"column":16},"end":{"line":16,"column":30}},"loc":{"start":{"line":16,"column":74},"end":{"line":33,"column":null}},"line":16}},"branchMap":{},"s":{"0":2},"f":{"0":2},"b":{},"meta":{"lastBranch":0,"lastFunction":1,"lastStatement":1,"seen":{"f:16:16:16:30":0,"s:17:2:32:Infinity":0}}}
,"C:\\Users\\axela\\Desktop\\apikey\\proxy\\src\\middleware\\auth.ts": {"path":"C:\\Users\\axela\\Desktop\\apikey\\proxy\\src\\middleware\\auth.ts","statementMap":{"0":{"start":{"line":36,"column":2},"end":{"line":36,"column":null}},"1":{"start":{"line":36,"column":15},"end":{"line":36,"column":null}},"2":{"start":{"line":37,"column":16},"end":{"line":37,"column":null}},"3":{"start":{"line":38,"column":2},"end":{"line":38,"column":null}},"4":{"start":{"line":43,"column":2},"end":{"line":43,"column":null}},"5":{"start":{"line":43,"column":13},"end":{"line":43,"column":null}},"6":{"start":{"line":44,"column":2},"end":{"line":51,"column":null}},"7":{"start":{"line":45,"column":19},"end":{"line":45,"column":null}},"8":{"start":{"line":46,"column":4},"end":{"line":48,"column":null}},"9":{"start":{"line":47,"column":6},"end":{"line":47,"column":null}},"10":{"start":{"line":52,"column":2},"end":{"line":52,"column":null}},"11":{"start":{"line":57,"column":2},"end":{"line":68,"column":null}},"12":{"start":{"line":72,"column":17},"end":{"line":72,"column":null}},"13":{"start":{"line":73,"column":2},"end":{"line":76,"column":null}},"14":{"start":{"line":74,"column":19},"end":{"line":74,"column":null}},"15":{"start":{"line":74,"column":59},"end":{"line":74,"column":79}},"16":{"start":{"line":75,"column":4},"end":{"line":75,"column":null}},"17":{"start":{"line":77,"column":20},"end":{"line":79,"column":null}},"18":{"start":{"line":80,"column":2},"end":{"line":94,"column":null}},"19":{"start":{"line":99,"column":2},"end":{"line":108,"column":null}},"20":{"start":{"line":112,"column":17},"end":{"line":112,"column":null}},"21":{"start":{"line":113,"column":2},"end":{"line":115,"column":null}},"22":{"start":{"line":114,"column":4},"end":{"line":114,"column":null}},"23":{"start":{"line":116,"column":2},"end":{"line":130,"column":null}},"24":{"start":{"line":135,"column":15},"end":{"line":137,"column":null}},"25":{"start":{"line":138,"column":2},"end":{"line":147,"column":null}},"26":{"start":{"line":155,"column":17},"end":{"line":155,"column":null}},"27":{"start":{"line":156,"column":2},"end":{"line":159,"column":null}},"28":{"start":{"line":157,"column":19},"end":{"line":157,"column":null}},"29":{"start":{"line":157,"column":62},"end":{"line":157,"column":82}},"30":{"start":{"line":158,"column":4},"end":{"line":158,"column":null}},"31":{"start":{"line":160,"column":12},"end":{"line":160,"column":null}},"32":{"start":{"line":161,"column":13},"end":{"line":161,"column":null}},"33":{"start":{"line":162,"column":2},"end":{"line":162,"column":null}},"34":{"start":{"line":165,"column":13},"end":{"line":217,"column":null}},"35":{"start":{"line":170,"column":13},"end":{"line":170,"column":null}},"36":{"start":{"line":171,"column":2},"end":{"line":173,"column":null}},"37":{"start":{"line":172,"column":4},"end":{"line":172,"column":null}},"38":{"start":{"line":175,"column":14},"end":{"line":175,"column":null}},"39":{"start":{"line":176,"column":2},"end":{"line":178,"column":null}},"40":{"start":{"line":177,"column":4},"end":{"line":177,"column":null}},"41":{"start":{"line":180,"column":18},"end":{"line":180,"column":null}},"42":{"start":{"line":181,"column":20},"end":{"line":181,"column":null}},"43":{"start":{"line":182,"column":2},"end":{"line":182,"column":null}},"44":{"start":{"line":184,"column":41},"end":{"line":184,"column":null}},"45":{"start":{"line":187,"column":17},"end":{"line":187,"column":null}},"46":{"start":{"line":188,"column":2},"end":{"line":197,"column":null}},"47":{"start":{"line":189,"column":4},"end":{"line":196,"column":null}},"48":{"start":{"line":190,"column":6},"end":{"line":190,"column":null}},"49":{"start":{"line":191,"column":6},"end":{"line":191,"column":null}},"50":{"start":{"line":194,"column":6},"end":{"line":194,"column":null}},"51":{"start":{"line":195,"column":6},"end":{"line":195,"column":null}},"52":{"start":{"line":200,"column":2},"end":{"line":213,"column":null}},"53":{"start":{"line":202,"column":4},"end":{"line":204,"column":null}},"54":{"start":{"line":203,"column":6},"end":{"line":203,"column":null}},"55":{"start":{"line":205,"column":16},"end":{"line":205,"column":null}},"56":{"start":{"line":206,"column":4},"end":{"line":209,"column":null}},"57":{"start":{"line":207,"column":6},"end":{"line":207,"column":null}},"58":{"start":{"line":208,"column":6},"end":{"line":208,"column":null}},"59":{"start":{"line":210,"column":4},"end":{"line":210,"column":null}},"60":{"start":{"line":211,"column":4},"end":{"line":211,"column":null}},"61":{"start":{"line":212,"column":4},"end":{"line":212,"column":null}},"62":{"start":{"line":215,"column":2},"end":{"line":215,"column":null}},"63":{"start":{"line":216,"column":2},"end":{"line":216,"column":null}}},"fnMap":{"0":{"name":"extractBearer","decl":{"start":{"line":35,"column":9},"end":{"line":35,"column":23}},"loc":{"start":{"line":35,"column":66},"end":{"line":39,"column":null}},"line":35},"1":{"name":"parseHeaderMap","decl":{"start":{"line":42,"column":9},"end":{"line":42,"column":24}},"loc":{"start":{"line":42,"column":69},"end":{"line":53,"column":null}},"line":42},"2":{"name":"encryptRoute","decl":{"start":{"line":56,"column":15},"end":{"line":56,"column":28}},"loc":{"start":{"line":56,"column":73},"end":{"line":69,"column":null}},"line":56},"3":{"name":"rpcToCached","decl":{"start":{"line":71,"column":15},"end":{"line":71,"column":27}},"loc":{"start":{"line":71,"column":88},"end":{"line":95,"column":null}},"line":71},"4":{"name":"(anonymous_4)","decl":{"start":{"line":74,"column":48},"end":{"line":74,"column":53}},"loc":{"start":{"line":74,"column":59},"end":{"line":74,"column":79}},"line":74},"5":{"name":"rpcRouteToEndpoint","decl":{"start":{"line":98,"column":9},"end":{"line":98,"column":28}},"loc":{"start":{"line":98,"column":59},"end":{"line":109,"column":null}},"line":98},"6":{"name":"rpcToResolved","decl":{"start":{"line":111,"column":9},"end":{"line":111,"column":23}},"loc":{"start":{"line":111,"column":79},"end":{"line":131,"column":null}},"line":111},"7":{"name":"decryptRoute","decl":{"start":{"line":134,"column":15},"end":{"line":134,"column":28}},"loc":{"start":{"line":134,"column":81},"end":{"line":148,"column":null}},"line":134},"8":{"name":"cachedToResolved","decl":{"start":{"line":150,"column":15},"end":{"line":150,"column":null}},"loc":{"start":{"line":154,"column":28},"end":{"line":163,"column":null}},"line":154},"9":{"name":"(anonymous_9)","decl":{"start":{"line":157,"column":51},"end":{"line":157,"column":56}},"loc":{"start":{"line":157,"column":62},"end":{"line":157,"column":82}},"line":157},"10":{"name":"(anonymous_10)","decl":{"start":{"line":168,"column":3},"end":{"line":168,"column":10}},"loc":{"start":{"line":168,"column":22},"end":{"line":217,"column":1}},"line":168}},"branchMap":{"0":{"loc":{"start":{"line":36,"column":2},"end":{"line":36,"column":null}},"type":"if","locations":[{"start":{"line":36,"column":2},"end":{"line":36,"column":null}},{"start":{},"end":{}}],"line":36},"1":{"loc":{"start":{"line":38,"column":9},"end":{"line":38,"column":null}},"type":"cond-expr","locations":[{"start":{"line":38,"column":17},"end":{"line":38,"column":35}},{"start":{"line":38,"column":35},"end":{"line":38,"column":null}}],"line":38},"2":{"loc":{"start":{"line":43,"column":2},"end":{"line":43,"column":null}},"type":"if","locations":[{"start":{"line":43,"column":2},"end":{"line":43,"column":null}},{"start":{},"end":{}}],"line":43},"3":{"loc":{"start":{"line":46,"column":4},"end":{"line":48,"column":null}},"type":"if","locations":[{"start":{"line":46,"column":4},"end":{"line":48,"column":null}},{"start":{},"end":{}}],"line":46},"4":{"loc":{"start":{"line":46,"column":8},"end":{"line":46,"column":72}},"type":"binary-expr","locations":[{"start":{"line":46,"column":8},"end":{"line":46,"column":18}},{"start":{"line":46,"column":18},"end":{"line":46,"column":48}},{"start":{"line":46,"column":48},"end":{"line":46,"column":72}}],"line":46},"5":{"loc":{"start":{"line":65,"column":25},"end":{"line":67,"column":null}},"type":"cond-expr","locations":[{"start":{"line":66,"column":8},"end":{"line":66,"column":null}},{"start":{"line":67,"column":8},"end":{"line":67,"column":null}}],"line":65},"6":{"loc":{"start":{"line":72,"column":69},"end":{"line":72,"column":89}},"type":"binary-expr","locations":[{"start":{"line":72,"column":69},"end":{"line":72,"column":81}},{"start":{"line":72,"column":81},"end":{"line":72,"column":89}}],"line":72},"7":{"loc":{"start":{"line":72,"column":134},"end":{"line":72,"column":161}},"type":"binary-expr","locations":[{"start":{"line":72,"column":134},"end":{"line":72,"column":155}},{"start":{"line":72,"column":155},"end":{"line":72,"column":161}}],"line":72},"8":{"loc":{"start":{"line":72,"column":173},"end":{"line":72,"column":197}},"type":"binary-expr","locations":[{"start":{"line":72,"column":173},"end":{"line":72,"column":191}},{"start":{"line":72,"column":191},"end":{"line":72,"column":197}}],"line":72},"9":{"loc":{"start":{"line":72,"column":213},"end":{"line":72,"column":241}},"type":"binary-expr","locations":[{"start":{"line":72,"column":213},"end":{"line":72,"column":235}},{"start":{"line":72,"column":235},"end":{"line":72,"column":241}}],"line":72},"10":{"loc":{"start":{"line":73,"column":2},"end":{"line":76,"column":null}},"type":"if","locations":[{"start":{"line":73,"column":2},"end":{"line":76,"column":null}},{"start":{},"end":{}}],"line":73},"11":{"loc":{"start":{"line":77,"column":20},"end":{"line":79,"column":null}},"type":"cond-expr","locations":[{"start":{"line":78,"column":6},"end":{"line":78,"column":null}},{"start":{"line":79,"column":6},"end":{"line":79,"column":null}}],"line":77},"12":{"loc":{"start":{"line":84,"column":19},"end":{"line":84,"column":null}},"type":"binary-expr","locations":[{"start":{"line":84,"column":19},"end":{"line":84,"column":38}},{"start":{"line":84,"column":38},"end":{"line":84,"column":null}}],"line":84},"13":{"loc":{"start":{"line":85,"column":18},"end":{"line":85,"column":null}},"type":"binary-expr","locations":[{"start":{"line":85,"column":18},"end":{"line":85,"column":36}},{"start":{"line":85,"column":36},"end":{"line":85,"column":null}}],"line":85},"14":{"loc":{"start":{"line":86,"column":24},"end":{"line":86,"column":null}},"type":"binary-expr","locations":[{"start":{"line":86,"column":24},"end":{"line":86,"column":48}},{"start":{"line":86,"column":48},"end":{"line":86,"column":null}}],"line":86},"15":{"loc":{"start":{"line":87,"column":21},"end":{"line":87,"column":null}},"type":"binary-expr","locations":[{"start":{"line":87,"column":21},"end":{"line":87,"column":42}},{"start":{"line":87,"column":42},"end":{"line":87,"column":null}}],"line":87},"16":{"loc":{"start":{"line":88,"column":24},"end":{"line":88,"column":null}},"type":"binary-expr","locations":[{"start":{"line":88,"column":24},"end":{"line":88,"column":48}},{"start":{"line":88,"column":48},"end":{"line":88,"column":null}}],"line":88},"17":{"loc":{"start":{"line":89,"column":25},"end":{"line":89,"column":null}},"type":"binary-expr","locations":[{"start":{"line":89,"column":25},"end":{"line":89,"column":50}},{"start":{"line":89,"column":50},"end":{"line":89,"column":null}}],"line":89},"18":{"loc":{"start":{"line":90,"column":23},"end":{"line":90,"column":null}},"type":"binary-expr","locations":[{"start":{"line":90,"column":23},"end":{"line":90,"column":46}},{"start":{"line":90,"column":46},"end":{"line":90,"column":null}}],"line":90},"19":{"loc":{"start":{"line":112,"column":68},"end":{"line":112,"column":88}},"type":"binary-expr","locations":[{"start":{"line":112,"column":68},"end":{"line":112,"column":80}},{"start":{"line":112,"column":80},"end":{"line":112,"column":88}}],"line":112},"20":{"loc":{"start":{"line":112,"column":131},"end":{"line":112,"column":158}},"type":"binary-expr","locations":[{"start":{"line":112,"column":131},"end":{"line":112,"column":152}},{"start":{"line":112,"column":152},"end":{"line":112,"column":158}}],"line":112},"21":{"loc":{"start":{"line":112,"column":169},"end":{"line":112,"column":193}},"type":"binary-expr","locations":[{"start":{"line":112,"column":169},"end":{"line":112,"column":187}},{"start":{"line":112,"column":187},"end":{"line":112,"column":193}}],"line":112},"22":{"loc":{"start":{"line":112,"column":208},"end":{"line":112,"column":236}},"type":"binary-expr","locations":[{"start":{"line":112,"column":208},"end":{"line":112,"column":230}},{"start":{"line":112,"column":230},"end":{"line":112,"column":236}}],"line":112},"23":{"loc":{"start":{"line":113,"column":2},"end":{"line":115,"column":null}},"type":"if","locations":[{"start":{"line":113,"column":2},"end":{"line":115,"column":null}},{"start":{},"end":{}}],"line":113},"24":{"loc":{"start":{"line":120,"column":18},"end":{"line":120,"column":null}},"type":"binary-expr","locations":[{"start":{"line":120,"column":18},"end":{"line":120,"column":37}},{"start":{"line":120,"column":37},"end":{"line":120,"column":null}}],"line":120},"25":{"loc":{"start":{"line":121,"column":17},"end":{"line":121,"column":null}},"type":"binary-expr","locations":[{"start":{"line":121,"column":17},"end":{"line":121,"column":35}},{"start":{"line":121,"column":35},"end":{"line":121,"column":null}}],"line":121},"26":{"loc":{"start":{"line":122,"column":22},"end":{"line":122,"column":null}},"type":"binary-expr","locations":[{"start":{"line":122,"column":22},"end":{"line":122,"column":46}},{"start":{"line":122,"column":46},"end":{"line":122,"column":null}}],"line":122},"27":{"loc":{"start":{"line":123,"column":20},"end":{"line":123,"column":null}},"type":"binary-expr","locations":[{"start":{"line":123,"column":20},"end":{"line":123,"column":41}},{"start":{"line":123,"column":41},"end":{"line":123,"column":null}}],"line":123},"28":{"loc":{"start":{"line":124,"column":22},"end":{"line":124,"column":null}},"type":"binary-expr","locations":[{"start":{"line":124,"column":22},"end":{"line":124,"column":46}},{"start":{"line":124,"column":46},"end":{"line":124,"column":null}}],"line":124},"29":{"loc":{"start":{"line":125,"column":23},"end":{"line":125,"column":null}},"type":"binary-expr","locations":[{"start":{"line":125,"column":23},"end":{"line":125,"column":48}},{"start":{"line":125,"column":48},"end":{"line":125,"column":null}}],"line":125},"30":{"loc":{"start":{"line":126,"column":38},"end":{"line":126,"column":65}},"type":"binary-expr","locations":[{"start":{"line":126,"column":38},"end":{"line":126,"column":61}},{"start":{"line":126,"column":61},"end":{"line":126,"column":65}}],"line":126},"31":{"loc":{"start":{"line":127,"column":22},"end":{"line":127,"column":null}},"type":"binary-expr","locations":[{"start":{"line":127,"column":22},"end":{"line":127,"column":45}},{"start":{"line":127,"column":45},"end":{"line":127,"column":null}}],"line":127},"32":{"loc":{"start":{"line":135,"column":15},"end":{"line":137,"column":null}},"type":"cond-expr","locations":[{"start":{"line":136,"column":6},"end":{"line":136,"column":null}},{"start":{"line":137,"column":6},"end":{"line":137,"column":null}}],"line":135},"33":{"loc":{"start":{"line":155,"column":74},"end":{"line":155,"column":97}},"type":"binary-expr","locations":[{"start":{"line":155,"column":74},"end":{"line":155,"column":89}},{"start":{"line":155,"column":89},"end":{"line":155,"column":97}}],"line":155},"34":{"loc":{"start":{"line":155,"column":143},"end":{"line":155,"column":173}},"type":"binary-expr","locations":[{"start":{"line":155,"column":143},"end":{"line":155,"column":167}},{"start":{"line":155,"column":167},"end":{"line":155,"column":173}}],"line":155},"35":{"loc":{"start":{"line":155,"column":184},"end":{"line":155,"column":211}},"type":"binary-expr","locations":[{"start":{"line":155,"column":184},"end":{"line":155,"column":205}},{"start":{"line":155,"column":205},"end":{"line":155,"column":211}}],"line":155},"36":{"loc":{"start":{"line":155,"column":226},"end":{"line":155,"column":257}},"type":"binary-expr","locations":[{"start":{"line":155,"column":226},"end":{"line":155,"column":251}},{"start":{"line":155,"column":251},"end":{"line":155,"column":257}}],"line":155},"37":{"loc":{"start":{"line":156,"column":2},"end":{"line":159,"column":null}},"type":"if","locations":[{"start":{"line":156,"column":2},"end":{"line":159,"column":null}},{"start":{},"end":{}}],"line":156},"38":{"loc":{"start":{"line":170,"column":13},"end":{"line":170,"column":null}},"type":"binary-expr","locations":[{"start":{"line":170,"column":13},"end":{"line":170,"column":49}},{"start":{"line":170,"column":49},"end":{"line":170,"column":null}}],"line":170},"39":{"loc":{"start":{"line":171,"column":2},"end":{"line":173,"column":null}},"type":"if","locations":[{"start":{"line":171,"column":2},"end":{"line":173,"column":null}},{"start":{},"end":{}}],"line":171},"40":{"loc":{"start":{"line":176,"column":2},"end":{"line":178,"column":null}},"type":"if","locations":[{"start":{"line":176,"column":2},"end":{"line":178,"column":null}},{"start":{},"end":{}}],"line":176},"41":{"loc":{"start":{"line":188,"column":2},"end":{"line":197,"column":null}},"type":"if","locations":[{"start":{"line":188,"column":2},"end":{"line":197,"column":null}},{"start":{},"end":{}}],"line":188},"42":{"loc":{"start":{"line":200,"column":2},"end":{"line":213,"column":null}},"type":"if","locations":[{"start":{"line":200,"column":2},"end":{"line":213,"column":null}},{"start":{},"end":{}}],"line":200},"43":{"loc":{"start":{"line":202,"column":4},"end":{"line":204,"column":null}},"type":"if","locations":[{"start":{"line":202,"column":4},"end":{"line":204,"column":null}},{"start":{},"end":{}}],"line":202},"44":{"loc":{"start":{"line":206,"column":4},"end":{"line":209,"column":null}},"type":"if","locations":[{"start":{"line":206,"column":4},"end":{"line":209,"column":null}},{"start":{},"end":{}}],"line":206}},"s":{"0":16,"1":1,"2":15,"3":15,"4":15,"5":0,"6":15,"7":15,"8":15,"9":15,"10":0,"11":3,"12":13,"13":13,"14":2,"15":3,"16":2,"17":11,"18":13,"19":3,"20":13,"21":13,"22":2,"23":11,"24":1,"25":1,"26":1,"27":1,"28":0,"29":0,"30":0,"31":1,"32":1,"33":1,"34":2,"35":16,"36":16,"37":0,"38":16,"39":16,"40":1,"41":15,"42":15,"43":15,"44":15,"45":15,"46":15,"47":1,"48":1,"49":1,"50":0,"51":0,"52":15,"53":14,"54":0,"55":14,"56":14,"57":1,"58":1,"59":13,"60":13,"61":13,"62":14,"63":14},"f":{"0":16,"1":15,"2":3,"3":13,"4":3,"5":3,"6":13,"7":1,"8":1,"9":0,"10":16},"b":{"0":[1,15],"1":[15,0],"2":[0,15],"3":[15,0],"4":[15,15,15],"5":[3,0],"6":[13,13],"7":[13,12],"8":[13,11],"9":[13,13],"10":[2,11],"11":[11,0],"12":[13,0],"13":[13,0],"14":[13,0],"15":[13,0],"16":[13,0],"17":[13,0],"18":[13,0],"19":[13,13],"20":[13,12],"21":[13,11],"22":[13,13],"23":[2,11],"24":[11,0],"25":[13,0],"26":[13,0],"27":[13,0],"28":[13,0],"29":[13,0],"30":[13,0],"31":[13,0],"32":[1,0],"33":[1,0],"34":[1,1],"35":[1,1],"36":[1,1],"37":[0,1],"38":[16,16],"39":[0,16],"40":[1,15],"41":[1,14],"42":[14,1],"43":[0,14],"44":[1,13]},"meta":{"lastBranch":45,"lastFunction":11,"lastStatement":64,"seen":{"f:35:9:35:23":0,"b:36:2:36:Infinity:undefined:undefined:undefined:undefined":0,"s:36:2:36:Infinity":0,"s:36:15:36:Infinity":1,"s:37:16:37:Infinity":2,"s:38:2:38:Infinity":3,"b:38:17:38:35:38:35:38:Infinity":1,"f:42:9:42:24":1,"b:43:2:43:Infinity:undefined:undefined:undefined:undefined":2,"s:43:2:43:Infinity":4,"s:43:13:43:Infinity":5,"s:44:2:51:Infinity":6,"s:45:19:45:Infinity":7,"b:46:4:48:Infinity:undefined:undefined:undefined:undefined":3,"s:46:4:48:Infinity":8,"b:46:8:46:18:46:18:46:48:46:48:46:72":4,"s:47:6:47:Infinity":9,"s:52:2:52:Infinity":10,"f:56:15:56:28":2,"s:57:2:68:Infinity":11,"b:66:8:66:Infinity:67:8:67:Infinity":5,"f:71:15:71:27":3,"s:72:17:72:Infinity":12,"b:72:69:72:81:72:81:72:89":6,"b:72:134:72:155:72:155:72:161":7,"b:72:173:72:191:72:191:72:197":8,"b:72:213:72:235:72:235:72:241":9,"b:73:2:76:Infinity:undefined:undefined:undefined:undefined":10,"s:73:2:76:Infinity":13,"s:74:19:74:Infinity":14,"f:74:48:74:53":4,"s:74:59:74:79":15,"s:75:4:75:Infinity":16,"s:77:20:79:Infinity":17,"b:78:6:78:Infinity:79:6:79:Infinity":11,"s:80:2:94:Infinity":18,"b:84:19:84:38:84:38:84:Infinity":12,"b:85:18:85:36:85:36:85:Infinity":13,"b:86:24:86:48:86:48:86:Infinity":14,"b:87:21:87:42:87:42:87:Infinity":15,"b:88:24:88:48:88:48:88:Infinity":16,"b:89:25:89:50:89:50:89:Infinity":17,"b:90:23:90:46:90:46:90:Infinity":18,"f:98:9:98:28":5,"s:99:2:108:Infinity":19,"f:111:9:111:23":6,"s:112:17:112:Infinity":20,"b:112:68:112:80:112:80:112:88":19,"b:112:131:112:152:112:152:112:158":20,"b:112:169:112:187:112:187:112:193":21,"b:112:208:112:230:112:230:112:236":22,"b:113:2:115:Infinity:undefined:undefined:undefined:undefined":23,"s:113:2:115:Infinity":21,"s:114:4:114:Infinity":22,"s:116:2:130:Infinity":23,"b:120:18:120:37:120:37:120:Infinity":24,"b:121:17:121:35:121:35:121:Infinity":25,"b:122:22:122:46:122:46:122:Infinity":26,"b:123:20:123:41:123:41:123:Infinity":27,"b:124:22:124:46:124:46:124:Infinity":28,"b:125:23:125:48:125:48:125:Infinity":29,"b:126:38:126:61:126:61:126:65":30,"b:127:22:127:45:127:45:127:Infinity":31,"f:134:15:134:28":7,"s:135:15:137:Infinity":24,"b:136:6:136:Infinity:137:6:137:Infinity":32,"s:138:2:147:Infinity":25,"f:150:15:150:Infinity":8,"s:155:17:155:Infinity":26,"b:155:74:155:89:155:89:155:97":33,"b:155:143:155:167:155:167:155:173":34,"b:155:184:155:205:155:205:155:211":35,"b:155:226:155:251:155:251:155:257":36,"b:156:2:159:Infinity:undefined:undefined:undefined:undefined":37,"s:156:2:159:Infinity":27,"s:157:19:157:Infinity":28,"f:157:51:157:56":9,"s:157:62:157:82":29,"s:158:4:158:Infinity":30,"s:160:12:160:Infinity":31,"s:161:13:161:Infinity":32,"s:162:2:162:Infinity":33,"s:165:13:217:Infinity":34,"f:168:3:168:10":10,"s:170:13:170:Infinity":35,"b:170:13:170:49:170:49:170:Infinity":38,"b:171:2:173:Infinity:undefined:undefined:undefined:undefined":39,"s:171:2:173:Infinity":36,"s:172:4:172:Infinity":37,"s:175:14:175:Infinity":38,"b:176:2:178:Infinity:undefined:undefined:undefined:undefined":40,"s:176:2:178:Infinity":39,"s:177:4:177:Infinity":40,"s:180:18:180:Infinity":41,"s:181:20:181:Infinity":42,"s:182:2:182:Infinity":43,"s:184:41:184:Infinity":44,"s:187:17:187:Infinity":45,"b:188:2:197:Infinity:undefined:undefined:undefined:undefined":41,"s:188:2:197:Infinity":46,"s:189:4:196:Infinity":47,"s:190:6:190:Infinity":48,"s:191:6:191:Infinity":49,"s:194:6:194:Infinity":50,"s:195:6:195:Infinity":51,"b:200:2:213:Infinity:undefined:undefined:undefined:undefined":42,"s:200:2:213:Infinity":52,"b:202:4:204:Infinity:undefined:undefined:undefined:undefined":43,"s:202:4:204:Infinity":53,"s:203:6:203:Infinity":54,"s:205:16:205:Infinity":55,"b:206:4:209:Infinity:undefined:undefined:undefined:undefined":44,"s:206:4:209:Infinity":56,"s:207:6:207:Infinity":57,"s:208:6:208:Infinity":58,"s:210:4:210:Infinity":59,"s:211:4:211:Infinity":60,"s:212:4:212:Infinity":61,"s:215:2:215:Infinity":62,"s:216:2:216:Infinity":63}}}
,"C:\\Users\\axela\\Desktop\\apikey\\proxy\\src\\proxy\\cost.ts": {"path":"C:\\Users\\axela\\Desktop\\apikey\\proxy\\src\\proxy\\cost.ts","statementMap":{"0":{"start":{"line":16,"column":2},"end":{"line":21,"column":null}},"1":{"start":{"line":17,"column":4},"end":{"line":19,"column":null}},"2":{"start":{"line":22,"column":2},"end":{"line":22,"column":null}}},"fnMap":{"0":{"name":"computeCost","decl":{"start":{"line":12,"column":16},"end":{"line":12,"column":null}},"loc":{"start":{"line":15,"column":10},"end":{"line":23,"column":null}},"line":15}},"branchMap":{"0":{"loc":{"start":{"line":16,"column":2},"end":{"line":21,"column":null}},"type":"if","locations":[{"start":{"line":16,"column":2},"end":{"line":21,"column":null}},{"start":{},"end":{}}],"line":16},"1":{"loc":{"start":{"line":16,"column":6},"end":{"line":16,"column":52}},"type":"binary-expr","locations":[{"start":{"line":16,"column":6},"end":{"line":16,"column":45}},{"start":{"line":16,"column":45},"end":{"line":16,"column":52}}],"line":16}},"s":{"0":9,"1":2,"2":7},"f":{"0":9},"b":{"0":[2,7],"1":[9,3]},"meta":{"lastBranch":2,"lastFunction":1,"lastStatement":3,"seen":{"f:12:16:12:Infinity":0,"b:16:2:21:Infinity:undefined:undefined:undefined:undefined":0,"s:16:2:21:Infinity":0,"b:16:6:16:45:16:45:16:52":1,"s:17:4:19:Infinity":1,"s:22:2:22:Infinity":2}}}
,"C:\\Users\\axela\\Desktop\\apikey\\proxy\\src\\proxy\\forward.ts": {"path":"C:\\Users\\axela\\Desktop\\apikey\\proxy\\src\\proxy\\forward.ts","statementMap":{"0":{"start":{"line":25,"column":2},"end":{"line":25,"column":null}},"1":{"start":{"line":25,"column":27},"end":{"line":25,"column":null}},"2":{"start":{"line":26,"column":12},"end":{"line":26,"column":null}},"3":{"start":{"line":27,"column":12},"end":{"line":27,"column":null}},"4":{"start":{"line":28,"column":2},"end":{"line":28,"column":null}},"5":{"start":{"line":41,"column":19},"end":{"line":41,"column":null}},"6":{"start":{"line":42,"column":18},"end":{"line":44,"column":null}},"7":{"start":{"line":45,"column":17},"end":{"line":45,"column":null}},"8":{"start":{"line":46,"column":2},"end":{"line":46,"column":null}},"9":{"start":{"line":47,"column":2},"end":{"line":47,"column":null}},"10":{"start":{"line":48,"column":2},"end":{"line":48,"column":null}},"11":{"start":{"line":54,"column":4},"end":{"line":54,"column":null}},"12":{"start":{"line":55,"column":4},"end":{"line":55,"column":null}},"13":{"start":{"line":71,"column":18},"end":{"line":71,"column":null}},"14":{"start":{"line":72,"column":2},"end":{"line":72,"column":null}},"15":{"start":{"line":72,"column":41},"end":{"line":72,"column":null}},"16":{"start":{"line":75,"column":2},"end":{"line":77,"column":null}},"17":{"start":{"line":76,"column":4},"end":{"line":76,"column":null}},"18":{"start":{"line":79,"column":17},"end":{"line":79,"column":null}},"19":{"start":{"line":80,"column":14},"end":{"line":80,"column":null}},"20":{"start":{"line":82,"column":18},"end":{"line":82,"column":null}},"21":{"start":{"line":83,"column":17},"end":{"line":83,"column":null}},"22":{"start":{"line":84,"column":16},"end":{"line":87,"column":null}},"23":{"start":{"line":85,"column":4},"end":{"line":85,"column":null}},"24":{"start":{"line":86,"column":4},"end":{"line":86,"column":null}},"25":{"start":{"line":89,"column":2},"end":{"line":104,"column":null}},"26":{"start":{"line":90,"column":4},"end":{"line":98,"column":null}},"27":{"start":{"line":100,"column":4},"end":{"line":100,"column":null}},"28":{"start":{"line":100,"column":18},"end":{"line":100,"column":null}},"29":{"start":{"line":101,"column":4},"end":{"line":101,"column":null}},"30":{"start":{"line":103,"column":4},"end":{"line":103,"column":null}},"31":{"start":{"line":123,"column":2},"end":{"line":125,"column":null}},"32":{"start":{"line":124,"column":4},"end":{"line":124,"column":null}},"33":{"start":{"line":127,"column":33},"end":{"line":127,"column":null}},"34":{"start":{"line":128,"column":17},"end":{"line":128,"column":null}},"35":{"start":{"line":129,"column":17},"end":{"line":129,"column":null}},"36":{"start":{"line":130,"column":16},"end":{"line":130,"column":null}},"37":{"start":{"line":132,"column":8},"end":{"line":149,"column":null}},"38":{"start":{"line":133,"column":21},"end":{"line":133,"column":null}},"39":{"start":{"line":134,"column":4},"end":{"line":146,"column":null}},"40":{"start":{"line":135,"column":6},"end":{"line":141,"column":null}},"4
[...]
"2":{"loc":{"start":{"line":48,"column":2},"end":{"line":53,"column":null}},"type":"if","locations":[{"start":{"line":48,"column":2},"end":{"line":53,"column":null}},{"start":{},"end":{}}],"line":48},"3":{"loc":{"start":{"line":49,"column":4},"end":{"line":51,"column":null}},"type":"if","locations":[{"start":{"line":49,"column":4},"end":{"line":51,"column":null}},{"start":{},"end":{}}],"line":49},"4":{"loc":{"start":{"line":49,"column":8},"end":{"line":49,"column":61}},"type":"binary-expr","locations":[{"start":{"line":49,"column":8},"end":{"line":49,"column":38}},{"start":{"line":49,"column":38},"end":{"line":49,"column":61}}],"line":49},"5":{"loc":{"start":{"line":55,"column":2},"end":{"line":61,"column":null}},"type":"if","locations":[{"start":{"line":55,"column":2},"end":{"line":61,"column":null}},{"start":{},"end":{}}],"line":55},"6":{"loc":{"start":{"line":57,"column":4},"end":{"line":57,"column":null}},"type":"if","locations":[{"start":{"line":57,"column":4},"end":{"line":57,"column":null}},{"start":{},"end":{}}],"line":57},"7":{"loc":{"start":{"line":59,"column":4},"end":{"line":59,"column":null}},"type":"if","locations":[{"start":{"line":59,"column":4},"end":{"line":59,"column":null}},{"start":{},"end":{}}],"line":59}},"s":{"0":2,"1":2,"2":2,"3":11,"4":13,"5":11,"6":1,"7":10,"8":2,"9":2,"10":2,"11":0,"12":2,"13":2,"14":2,"15":1,"16":1,"17":0},"f":{"0":2,"1":11,"2":13,"3":2},"b":{"0":[2,0],"1":[2,0],"2":[11,2],"3":[1,10],"4":[11,10],"5":[2,0],"6":[0,2],"7":[1,1]},"meta":{"lastBranch":8,"lastFunction":4,"lastStatement":18,"seen":{"f:15:16:15:28":0,"s:16:23:16:Infinity":0,"s:17:15:19:Infinity":1,"b:18:6:18:Infinity:19:6:19:Infinity":0,"s:20:2:20:Infinity":2,"b:20:9:20:47:20:47:20:Infinity":1,"f:23:9:23:Infinity":1,"s:28:2:41:Infinity":3,"f:44:16:44:Infinity":2,"b:48:2:53:Infinity:undefined:undefined:undefined:undefined":2,"s:48:2:53:Infinity":4,"b:49:4:51:Infinity:undefined:undefined:undefined:undefined":3,"s:49:4:51:Infinity":5,"b:49:8:49:38:49:38:49:61":4,"s:50:6:50:Infinity":6,"s:52:4:52:Infinity":7,"b:55:2:61:Infinity:undefined:undefined:undefined:undefined":5,"s:55:2:61:Infinity":8,"s:56:17:56:Infinity":9,"b:57:4:57:Infinity:undefined:undefined:undefined:undefined":6,"s:57:4:57:Infinity":10,"s:57:15:57:Infinity":11,"s:58:18:58:Infinity":12,"f:58:29:58:35":3,"s:58:41:58:56":13,"b:59:4:59:Infinity:undefined:undefined:undefined:undefined":7,"s:59:4:59:Infinity":14,"s:59:16:59:Infinity":15,"s:60:4:60:Infinity":16,"s:63:2:63:Infinity":17}}}
,"C:\\Users\\axela\\Desktop\\apikey\\proxy\\src\\proxy\\usage-meter.ts": {"path":"C:\\Users\\axela\\Desktop\\apikey\\proxy\\src\\proxy\\usage-meter.ts","statementMap":{"0":{"start":{"line":27,"column":2},"end":{"line":27,"column":null}},"1":{"start":{"line":32,"column":2},"end":{"line":32,"column":null}},"2":{"start":{"line":32,"column":39},"end":{"line":32,"column":null}},"3":{"start":{"line":33,"column":12},"end":{"line":33,"column":null}},"4":{"start":{"line":37,"column":4},"end":{"line":39,"column":null}},"5":{"start":{"line":42,"column":13},"end":{"line":42,"column":null}},"6":{"start":{"line":43,"column":2},"end":{"line":49,"column":null}},"7":{"start":{"line":44,"column":19},"end":{"line":44,"column":null}},"8":{"start":{"line":45,"column":23},"end":{"line":45,"column":null}},"9":{"start":{"line":46,"column":4},"end":{"line":48,"column":null}},"10":{"start":{"line":47,"column":6},"end":{"line":47,"column":null}},"11":{"start":{"line":52,"column":12},"end":{"line":52,"column":null}},"12":{"start":{"line":53,"column":2},"end":{"line":59,"column":null}},"13":{"start":{"line":54,"column":19},"end":{"line":54,"column":null}},"14":{"start":{"line":55,"column":23},"end":{"line":55,"column":null}},"15":{"start":{"line":56,"column":4},"end":{"line":58,"column":null}},"16":{"start":{"line":57,"column":6},"end":{"line":57,"column":null}},"17":{"start":{"line":61,"column":2},"end":{"line":61,"column":null}},"18":{"start":{"line":65,"column":20},"end":{"line":65,"column":null}},"19":{"start":{"line":66,"column":19},"end":{"line":66,"column":null}},"20":{"start":{"line":67,"column":34},"end":{"line":67,"column":null}},"21":{"start":{"line":68,"column":38},"end":{"line":68,"column":null}},"22":{"start":{"line":72,"column":4},"end":{"line":72,"column":null}},"23":{"start":{"line":74,"column":4},"end":{"line":78,"column":null}},"24":{"start":{"line":75,"column":19},"end":{"line":75,"column":null}},"25":{"start":{"line":76,"column":6},"end":{"line":76,"column":null}},"26":{"start":{"line":77,"column":6},"end":{"line":77,"column":null}},"27":{"start":{"line":83,"column":4},"end":{"line":86,"column":null}},"28":{"start":{"line":84,"column":6},"end":{"line":84,"column":null}},"29":{"start":{"line":85,"column":6},"end":{"line":85,"column":null}},"30":{"start":{"line":91,"column":4},"end":{"line":91,"column":null}},"31":{"start":{"line":91,"column":58},"end":{"line":91,"column":null}},"32":{"start":{"line":92,"column":4},"end":{"line":92,"column":null}},"33":{"start":{"line":96,"column":20},"end":{"line":96,"column":null}},"34":{"start":{"line":98,"column":20},"end":{"line":100,"column":null}},"35":{"start":{"line":101,"column":4},"end":{"line":101,"column":null}},"36":{"start":{"line":101,"column":34},"end":{"line":101,"column":null}},"37":{"start":{"line":102,"column":4},"end":{"line":112,"column":null}},"38":{"start":{"line":103,"column":22},"end":{"line":103,"column":null}},"39":{"start":{"line":104,"column":6},"end":{"line":109,"column":null}},"40":{"start":{"line":107,"column":8},"end":{"line":107,"column":null}},"41":{"start":{"line":107,"column":42},"end":{"line":107,"column":null}},"42":{"start":{"line":108,"column":8},"end":{"line":108,"column":null}},"43":{"start":{"line":108,"column":46},"end":{"line":108,"column":null}}},"fnMap":{"0":{"name":"num","decl":{"start":{"line":26,"column":9},"end":{"line":26,"column":13}},"loc":{"start":{"line":26,"column":45},"end":{"line":28,"column":null}},"line":26},"1":{"name":"readUsage","decl":{"start":{"line":31,"column":9},"end":{"line":31,"column":19}},"loc":{"start":{"line":31,"column":54},"end":{"line":62,"column":null}},"line":31},"2":{"name":"push","decl":{"start":{"line":71,"column":2},"end":{"line":71,"column":7}},"loc":{"start":{"line":71,"column":32},"end":{"line":79,"column":null}},"line":71},"3":{"name":"end","decl":{"start":{"line":82,"column":2},"end":{"line":82,"column":14}},"loc":{"start":{"line":82,"column":14},"end":{"line":87,"column":null}},"line":82},"4":{"name":"result","decl":{"start":{"line":90,"column":2},"end":{"line":90,"column":30}},"loc":{"start":{"line":90,"column":30},"end":{"line":93,"column":null}},"line":90},"5":{"name":"consume","decl":{"start":{"line":95,"column":2},"end":{"line":95,"column":10}},"loc":{"start":{"line":95,"column":38},"end":{"line":113,"column":null}},"line":95}},"branchMap":{"0":{"loc":{"start":{"line":27,"column":9},"end":{"line":27,"column":null}},"type":"cond-expr","locations":[{"start":{"line":27,"column":55},"end":{"line":27,"column":59}},{"start":{"line":27,"column":59},"end":{"line":27,"column":null}}],"line":27},"1":{"loc":{"start":{"line":27,"column":9},"end":{"line":27,"column":55}},"type":"binary-expr","locations":[{"start":{"line":27,"column":9},"end":{"line":27,"column":34}},{"start":{"line":27,"column":34},"end":{"line":27,"column":55}}],"line":27},"2":{"loc":{"start":{"line":32,"column":2},"end":{"line":32,"column":null}},"type":"if","locations":[{"start":{"line":32,"column":2},"end":{"line":32,"column":null}},{"start":{},"end":{}}],"line":32},"3":{"loc":{"start":{"line":32,"column":6},"end":{"line":32,"column":39}},"type":"binary-expr","locations":[{"start":{"line":32,"column":6},"end":{"line":32,"column":14}},{"start":{"line":32,"column":14},"end":{"line":32,"column":39}}],"line":32},"4":{"loc":{"start":{"line":37,"column":4},"end":{"line":39,"column":null}},"type":"cond-expr","locations":[{"start":{"line":38,"column":9},"end":{"line":38,"column":null}},{"start":{"line":39,"column":8},"end":{"line":39,"column":null}}],"line":37},"5":{"loc":{"start":{"line":37,"column":4},"end":{"line":37,"column":null}},"type":"binary-expr","locations":[{"start":{"line":37,"column":4},"end":{"line":37,"column":17}},{"start":{"line":37,"column":17},"end":{"line":37,"column":null}}],"line":37},"6":{"loc":{"start":{"line":42,"column":13},"end":{"line":42,"column":null}},"type":"binary-expr","locations":[{"start":{"line":42,"column":13},"end":{"line":42,"column":32}},{"start":{"line":42,"column":32},"end":{"line":42,"column":null}}],"line":42},"7":{"loc":{"start":{"line":43,"column":2},"end":{"line":49,"column":null}},"type":"if","locations":[{"start":{"line":43,"column":2},"end":{"line":49,"column":null}},{"start":{},"end":{}}],"line":43},"8":{"loc":{"start":{"line":43,"column":6},"end":{"line":43,"column":34}},"type":"binary-expr","locations":[{"start":{"line":43,"column":6},"end":{"line":43,"column":11}},{"start":{"line":43,"column":11},"end":{"line":43,"column":34}}],"line":43},"9":{"loc":{"start":{"line":44,"column":19},"end":{"line":44,"column":null}},"type":"binary-expr","locations":[{"start":{"line":44,"column":19},"end":{"line":44,"column":43}},{"start":{"line":44,"column":43},"end":{"line":44,"column":null}}],"line":44},"10":{"loc":{"start":{"line":45,"column":23},"end":{"line":45,"column":null}},"type":"binary-expr","locations":[{"start":{"line":45,"column":23},"end":{"line":45,"column":51}},{"start":{"line":45,"column":51},"end":{"line":45,"column":null}}],"line":45},"11":{"loc":{"start":{"line":46,"column":4},"end":{"line":48,"column":null}},"type":"if","locations":[{"start":{"line":46,"column":4},"end":{"line":48,"column":null}},{"start":{},"end":{}}],"line":46},"12":{"loc":{"start":{"line":46,"column":8},"end":{"line":46,"column":58}},"type":"binary-expr","locations":[{"start":{"line":46,"column":8},"end":{"line":46,"column":32}},{"start":{"line":46,"column":32},"end":{"line":46,"column":58}}],"line":46},"13":{"loc":{"start":{"line":53,"column":2},"end":{"line":59,"column":null}},"type":"if","locations":[{"start":{"line":53,"column":2},"end":{"line":59,"column":null}},{"start":{},"end":{}}],"line":53},"14":{"loc":{"start":{"line":53,"column":6},"end":{"line":53,"column":34}},"type":"binary-expr","locations":[{"start":{"line":53,"column":6},"end":{"line":53,"column":11}},{"start":{"line":53,"column":11},"end":{"line":53,"column":34}}],"line":53},"15":{"loc":{"start":{"line":56,"column":4},"end":{"line":58,"column":null}},"type":"if","locations":[{"start":{"line":56,"column":4},"end":{"line":58,"column":null}},{"start":{},"end":{}}],"line":56},"16":{"loc":{"start":{"line":56,"column":8},"end":{"line":56,"column":58}},"type":"binary-expr","locations":[{"start":{"line":56,"column":8},"end":{"line":56,"column":32}},{"start":{"line":56,"column":32},"end":{"line":56,"column":58}}],"line":56},"17":{"loc":{"start":{"line":83,"column":4},"end":{"line":86,"column":null}},"type":"if","locations":[{"start":{"line":83,"column":4},"end":{"line":86,"column":null}},{"start":{},"end":{}}],"line":83},"18":{"loc":{"start":{"line":91,"column":4},"end":{"line":91,"column":null}},"type":"if","locations":[{"start":{"line":91,"column":4},"end":{"line":91,"column":null}},{"start":{},"end":{}}],"line":91},"19":{"loc":{"start":{"line":91,"column":8},"end":{"line":91,"column":58}},"type":"binary-expr","locations":[{"start":{"line":91,"column":8},"end":{"line":91,"column":32}},{"start":{"line":91,"column":32},"end":{"line":91,"column":58}}],"line":91},"20":{"loc":{"start":{"line":98,"column":20},"end":{"line":100,"column":null}},"type":"cond-expr","locations":[{"start":{"line":99,"column":8},"end":{"line":99,"column":null}},{"start":{"line":100,"column":8},"end":{"line":100,"column":null}}],"line":98},"21":{"loc":{"start":{"line":101,"column":4},"end":{"line":101,"column":null}},"type":"if","locations":[{"start":{"line":101,"column":4},"end":{"line":101,"column":null}},{"start":{},"end":{}}],"line":101},"22":{"loc":{"start":{"line":104,"column":6},"end":{"line":109,"column":null}},"type":"if","locations":[{"start":{"line":104,"column":6},"end":{"line":109,"column":null}},{"start":{},"end":{}}],"line":104},"23":{"loc":{"start":{"line":107,"column":8},"end":{"line":107,"column":null}},"type":"if","locations":[{"start":{"line":107,"column":8},"end":{"line":107,"column":null}},{"start":{},"end":{}}],"line":107},"24":{"loc":{"start":{"line":108,"column":8},"end":{"line":108,"column":null}},"type":"if","locations":[{"start":{"line":108,"column":8},"end":{"line":108,"column":null}},{"start":{},"end":{}}],"line":108}},"s":{"0":30,"1":19,"2":0,"3":19,"4":19,"5":19,"6":19,"7":8,"8":8,"9":8,"10":8,"11":11,"12":11,"13":3,"14":3,"15":3,"16":3,"17":8,"18":18,"19":18,"20":18,"21":18,"22":31,"23":31,"24":40,"25":40,"26":40,"27":18,"28":9,"29":9,"30":18,"31":10,"32":8,"33":49,"34":49,"35":49,"36":29,"37":20,"38":20,"39":20,"40":11,"41":9,"42":11,"43":11},"f":{"0":30,"1":19,"2":31,"3":18,"4":18,"5":49},"b":{"0":[20,10],"1":[30,20],"2":[0,19],"3":[19,19],"4":[1,18],"5":[19,1],"6":[19,11],"7":[8,11],"8":[19,8],"9":[8,4],"10":[8,4],"11":[8,0],"12":[8,2],"13":[3,8],"14":[11,3],"15":[3,0],"16":[3,0],"17":[9,9],"18":[10,8],"19":[18,8],"20":[20,29],"21":[29,20],"22":[11,9],"23":[9,2],"24":[11,0]},"meta":{"lastBranch":25,"lastFunction":6,"lastStatement":44,"seen":{"f:26:9:26:13":0,"s:27:2:27:Infinity":0,"b:27:55:27:59:27:59:27:Infinity":0,"b:27:9:27:34:27:34:27:55":1,"f:31:9:31:19":1,"b:32:2:32:Infinity:undefined:undefined:undefined:undefined":2,"s:32:2:32:Infinity":1,"b:32:6:32:14:32:14:32:39":3,"s:32:39:32:Infinity":2,"s:33:12:33:Infinity":3,"s:37:4:39:Infinity":4,"b:38:9:38:Infinity:39:8:39:Infinity":4,"b:37:4:37:17:37:17:37:Infinity":5,"s:42:13:42:Infinity":5,"b:42:13:42:32:42:32:42:Infinity":6,"b:43:2:49:Infinity:undefined:undefined:undefined:undefined":7,"s:43:2:49:Infinity":6,"b:43:6:43:11:43:11:43:34":8,"s:44:19:44:Infinity":7,"b:44:19:44:43:44:43:44:Infinity":9,"s:45:23:45:Infinity":8,"b:45:23:45:51:45:51:45:Infinity":10,"b:46:4:48:Infinity:undefined:undefined:undefined:undefined":11,"s:46:4:48:Infinity":9,"b:46:8:46:32:46:32:46:58":12,"s:47:6:47:Infinity":10,"s:52:12:52:Infinity":11,"b:53:2:59:Infinity:undefined:undefined:undefined:undefined":13,"s:53:2:59:Infinity":12,"b:53:6:53:11:53:11:53:34":14,"s:54:19:54:Infinity":13,"s:55:23:55:Infinity":14,"b:56:4:58:Infinity:undefined:undefined:undefined:undefined":15,"s:56:4:58:Infinity":15,"b:56:8:56:32:56:32:56:58":16,"s:57:6:57:Infinity":16,"s:61:2:61:Infinity":17,"s:65:20:65:Infinity":18,"s:66:19:66:Infinity":19,"s:67:34:67:Infinity":20,"s:68:38:68:Infinity":21,"f:71:2:71:7":2,"s:72:4:72:Infinity":22,"s:74:4:78:Infinity":23,"s:75:19:75:Infinity":24,"s:76:6:76:Infinity":25,"s:77:6:77:Infinity":26,"f:82:2:82:14":3,"b:83:4:86:Infinity:undefined:undefined:undefined:undefined":17,"s:83:4:86:Infinity":27,"s:84:6:84:Infinity":28,"s:85:6:85:Infinity":29,"f:90:2:90:30":4,"b:91:4:91:Infinity:undefined:undefined:undefined:undefined":18,"s:91:4:91:Infinity":30,"b:91:8:91:32:91:32:91:58":19,"s:91:58:91:Infinity":31,"s:92:4:92:Infinity":32,"f:95:2:95:10":5,"s:96:20:96:Infinity":33,"s:98:20:100:Infinity":34,"b:99:8:99:Infinity:100:8:100:Infinity":20,"b:101:4:101:Infinity:undefined:undefined:undefined:undefined":21,"s:101:4:101:Infinity":35,"s:101:34:101:Infinity":36,"s:102:4:112:Infinity":37,"s:103:22:103:Infinity":38,"b:104:6:109:Infinity:undefined:undefined:undefined:undefined":22,"s:104:6:109:Infinity":39,"b:107:8:107:Infinity:undefined:undefined:undefined:undefined":23,"s:107:8:107:Infinity":40,"s:107:42:107:Infinity":41,"b:108:8:108:Infinity:undefined:undefined:undefined:undefined":24,"s:108:8:108:Infinity":42,"s:108:46:108:Infinity":43}}}
,"C:\\Users\\axela\\Desktop\\apikey\\proxy\\src\\settlement\\settle.ts": {"path":"C:\\Users\\axela\\Desktop\\apikey\\proxy\\src\\settlement\\settle.ts","statementMap":{"0":{"start":{"line":42,"column":2},"end":{"line":96,"column":null}},"1":{"start":{"line":43,"column":20},"end":{"line":53,"column":null}},"2":{"start":{"line":55,"column":4},"end":{"line":65,"column":null}},"3":{"start":{"line":58,"column":6},"end":{"line":63,"column":null}},"4":{"start":{"line":64,"column":6},"end":{"line":64,"column":null}},"5":{"start":{"line":68,"column":4},"end":{"line":68,"column":null}},"6":{"start":{"line":71,"column":4},"end":{"line":73,"column":null}},"7":{"start":{"line":72,"column":6},"end":{"line":72,"column":null}},"8":{"start":{"line":74,"column":4},"end":{"line":76,"column":null}},"9":{"start":{"line":75,"column":6},"end":{"line":75,"column":null}},"10":{"start":{"line":77,"column":4},"end":{"line":79,"column":null}},"11":{"start":{"line":78,"column":6},"end":{"line":78,"column":null}},"12":{"start":{"line":80,"column":4},"end":{"line":82,"column":null}},"13":{"start":{"line":81,"column":6},"end":{"line":81,"column":null}},"14":{"start":{"line":84,"column":4},"end":{"line":92,"column":null}},"15":{"start":{"line":95,"column":4},"end":{"line":95,"column":null}}},"fnMap":{"0":{"name":"settle","decl":{"start":{"line":25,"column":22},"end":{"line":25,"column":null}},"loc":{"start":{"line":41,"column":17},"end":{"line":97,"column":null}},"line":41}},"branchMap":{"0":{"loc":{"start":{"line":51,"column":20},"end":{"line":51,"column":null}},"type":"binary-expr","locations":[{"start":{"line":51,"column":20},"end":{"line":51,"column":50}},{"start":{"line":51,"column":50},"end":{"line":51,"column":null}}],"line":51},"1":{"loc":{"start":{"line":52,"column":24},"end":{"line":52,"column":null}},"type":"binary-expr","locations":[{"start":{"line":52,"column":24},"end":{"line":52,"column":58}},{"start":{"line":52,"column":58},"end":{"line":52,"column":null}}],"line":52},"2":{"loc":{"start":{"line":55,"column":4},"end":{"line":65,"column":null}},"type":"if","locations":[{"start":{"line":55,"column":4},"end":{"line":65,"column":null}},{"start":{},"end":{}}],"line":55},"3":{"loc":{"start":{"line":71,"column":4},"end":{"line":73,"column":null}},"type":"if","locations":[{"start":{"line":71,"column":4},"end":{"line":73,"column":null}},{"start":{},"end":{}}],"line":71},"4":{"loc":{"start":{"line":74,"column":4},"end":{"line":76,"column":null}},"type":"if","locations":[{"start":{"line":74,"column":4},"end":{"line":76,"column":null}},{"start":{},"end":{}}],"line":74},"5":{"loc":{"start":{"line":77,"column":4},"end":{"line":79,"column":null}},"type":"if","locations":[{"start":{"line":77,"column":4},"end":{"line":79,"column":null}},{"start":{},"end":{}}],"line":77},"6":{"loc":{"start":{"line":80,"column":4},"end":{"line":82,"column":null}},"type":"if","locations":[{"start":{"line":80,"column":4},"end":{"line":82,"column":null}},{"start":{},"end":{}}],"line":80},"7":{"loc":{"start":{"line":80,"column":8},"end":{"line":80,"column":55}},"type":"binary-expr","locations":[{"start":{"line":80,"column":8},"end":{"line":80,"column":25}},{"start":{"line":80,"column":25},"end":{"line":80,"column":55}}],"line":80}},"s":{"0":6,"1":6,"2":6,"3":0,"4":0,"5":6,"6":6,"7":0,"8":6,"9":0,"10":6,"11":6,"12":6,"13":0,"14":6,"15":0},"f":{"0":6},"b":{"0":[6,5],"1":[6,5],"2":[0,6],"3":[0,6],"4":[0,6],"5":[6,0],"6":[0,6],"7":[6,1]},"meta":{"lastBranch":8,"lastFunction":1,"lastStatement":16,"seen":{"f:25:22:25:Infinity":0,"s:42:2:96:Infinity":0,"s:43:20:53:Infinity":1,"b:51:20:51:50:51:50:51:Infinity":0,"b:52:24:52:58:52:58:52:Infinity":1,"b:55:4:65:Infinity:undefined:undefined:undefined:undefined":2,"s:55:4:65:Infinity":2,"s:58:6:63:Infinity":3,"s:64:6:64:Infinity":4,"s:68:4:68:Infinity":5,"b:71:4:73:Infinity:undefined:undefined:undefined:undefined":3,"s:71:4:73:Infinity":6,"s:72:6:72:Infinity":7,"b:74:4:76:Infinity:undefined:undefined:undefined:undefined":4,"s:74:4:76:Infinity":8,"s:75:6:75:Infinity":9,"b:77:4:79:Infinity:undefined:undefined:undefined:undefined":5,"s:77:4:79:Infinity":10,"s:78:6:78:Infinity":11,"b:80:4:82:Infinity:undefined:undefined:undefined:undefined":6,"s:80:4:82:Infinity":12,"b:80:8:80:25:80:25:80:55":7,"s:81:6:81:Infinity":13,"s:84:4:92:Infinity":14,"s:95:4:95:Infinity":15}}}
}
