{"C:\\Users\\axela\\Desktop\\apikey\\dashboard\\lib\\format.ts": {"path":"C:\\Users\\axela\\Desktop\\apikey\\dashboard\\lib\\format.ts","statementMap":{"0":{"start":{"line":5,"column":2},"end":{"line":10,"column":null}},"1":{"start":{"line":15,"column":12},"end":{"line":15,"column":null}},"2":{"start":{"line":16,"column":2},"end":{"line":16,"column":null}},"3":{"start":{"line":16,"column":33},"end":{"line":16,"column":null}},"4":{"start":{"line":17,"column":2},"end":{"line":17,"column":null}},"5":{"start":{"line":22,"column":15},"end":{"line":22,"column":null}},"6":{"start":{"line":23,"column":2},"end":{"line":23,"column":null}}},"fnMap":{"0":{"name":"formatUsd","decl":{"start":{"line":4,"column":16},"end":{"line":4,"column":26}},"loc":{"start":{"line":4,"column":50},"end":{"line":11,"column":null}},"line":4},"1":{"name":"formatTimestamp","decl":{"start":{"line":14,"column":16},"end":{"line":14,"column":32}},"loc":{"start":{"line":14,"column":53},"end":{"line":18,"column":null}},"line":14},"2":{"name":"formatSignedUsd","decl":{"start":{"line":21,"column":16},"end":{"line":21,"column":32}},"loc":{"start":{"line":21,"column":56},"end":{"line":24,"column":null}},"line":21}},"branchMap":{"0":{"loc":{"start":{"line":16,"column":2},"end":{"line":16,"column":null}},"type":"if","locations":[{"start":{"line":16,"column":2},"end":{"line":16,"column":null}},{"start":{},"end":{}}],"line":16},"1":{"loc":{"start":{"line":22,"column":15},"end":{"line":22,"column":null}},"type":"cond-expr","locations":[{"start":{"line":22,"column":29},"end":{"line":22,"column":35}},{"start":{"line":22,"column":35},"end":{"line":22,"column":null}}],"line":22}},"s":{"0":6,"1":2,"2":2,"3":1,"4":1,"5":2,"6":2},"f":{"0":6,"1":2,"2":2},"b":{"0":[1,1],"1":[1,1]},"meta":{"lastBranch":2,"lastFunction":3,"lastStatement":7,"seen":{"f:4:16:4:26":0,"s:5:2:10:Infinity":0,"f:14:16:14:32":1,"s:15:12:15:Infinity":1,"b:16:2:16:Infinity:undefined:undefined:undefined:undefined":0,"s:16:2:16:Infinity":2,"s:16:33:16:Infinity":3,"s:17:2:17:Infinity":4,"f:21:16:21:32":2,"s:22:15:22:Infinity":5,"b:22:29:22:35:22:35:22:Infinity":1,"s:23:2:23:Infinity":6}}}
,"C:\\Users\\axela\\Desktop\\apikey\\dashboard\\lib\\headers.ts": {"path":"C:\\Users\\axela\\Desktop\\apikey\\dashboard\\lib\\headers.ts","statementMap":{"0":{"start":{"line":10,"column":38},"end":{"line":10,"column":null}},"1":{"start":{"line":11,"column":2},"end":{"line":20,"column":null}},"2":{"start":{"line":12,"column":20},"end":{"line":12,"column":null}},"3":{"start":{"line":13,"column":4},"end":{"line":13,"column":null}},"4":{"start":{"line":13,"column":18},"end":{"line":13,"column":null}},"5":{"start":{"line":14,"column":16},"end":{"line":14,"column":null}},"6":{"start":{"line":15,"column":4},"end":{"line":15,"column":null}},"7":{"start":{"line":15,"column":17},"end":{"line":15,"column":null}},"8":{"start":{"line":16,"column":17},"end":{"line":16,"column":null}},"9":{"start":{"line":17,"column":18},"end":{"line":17,"column":null}},"10":{"start":{"line":18,"column":4},"end":{"line":18,"column":null}},"11":{"start":{"line":18,"column":25},"end":{"line":18,"column":null}},"12":{"start":{"line":19,"column":4},"end":{"line":19,"column":null}},"13":{"start":{"line":21,"column":2},"end":{"line":21,"column":null}}},"fnMap":{"0":{"name":"parseHeaders","decl":{"start":{"line":9,"column":16},"end":{"line":9,"column":29}},"loc":{"start":{"line":9,"column":73},"end":{"line":22,"column":null}},"line":9}},"branchMap":{"0":{"loc":{"start":{"line":13,"column":4},"end":{"line":13,"column":null}},"type":"if","locations":[{"start":{"line":13,"column":4},"end":{"line":13,"column":null}},{"start":{},"end":{}}],"line":13},"1":{"loc":{"start":{"line":15,"column":4},"end":{"line":15,"column":null}},"type":"if","locations":[{"start":{"line":15,"column":4},"end":{"line":15,"column":null}},{"start":{},"end":{}}],"line":15},"2":{"loc":{"start":{"line":18,"column":4},"end":{"line":18,"column":null}},"type":"if","locations":[{"start":{"line":18,"column":4},"end":{"line":18,"column":null}},{"start":{},"end":{}}],"line":18},"3":{"loc":{"start":{"line":18,"column":8},"end":{"line":18,"column":25}},"type":"binary-expr","locations":[{"start":{"line":18,"column":8},"end":{"line":18,"column":17}},{"start":{"line":18,"column":17},"end":{"line":18,"column":25}}],"line":18},"4":{"loc":{"start":{"line":21,"column":9},"end":{"line":21,"column":null}},"type":"cond-expr","locations":[{"start":{"line":21,"column":35},"end":{"line":21,"column":41}},{"start":{"line":21,"column":41},"end":{"line":21,"column":null}}],"line":21}},"s":{"0":9,"1":9,"2":15,"3":15,"4":7,"5":8,"6":8,"7":2,"8":6,"9":6,"10":6,"11":1,"12":5,"13":6},"f":{"0":9},"b":{"0":[7,8],"1":[2,6],"2":[1,5],"3":[6,6],"4":[4,2]},"meta":{"lastBranch":5,"lastFunction":1,"lastStatement":14,"seen":{"f:9:16:9:29":0,"s:10:38:10:Infinity":0,"s:11:2:20:Infinity":1,"s:12:20:12:Infinity":2,"b:13:4:13:Infinity:undefined:undefined:undefined:undefined":0,"s:13:4:13:Infinity":3,"s:13:18:13:Infinity":4,"s:14:16:14:Infinity":5,"b:15:4:15:Infinity:undefined:undefined:undefined:undefined":1,"s:15:4:15:Infinity":6,"s:15:17:15:Infinity":7,"s:16:17:16:Infinity":8,"s:17:18:17:Infinity":9,"b:18:4:18:Infinity:undefined:undefined:undefined:undefined":2,"s:18:4:18:Infinity":10,"b:18:8:18:17:18:17:18:25":3,"s:18:25:18:Infinity":11,"s:19:4:19:Infinity":12,"s:21:2:21:Infinity":13,"b:21:35:21:41:21:41:21:Infinity":4}}}
,"C:\\Users\\axela\\Desktop\\apikey\\dashboard\\lib\\keys.ts": {"path":"C:\\Users\\axela\\Desktop\\apikey\\dashboard\\lib\\keys.ts","statementMap":{"0":{"start":{"line":7,"column":15},"end":{"line":7,"column":null}},"1":{"start":{"line":17,"column":8},"end":{"line":17,"column":null}},"2":{"start":{"line":18,"column":14},"end":{"line":18,"column":null}},"3":{"start":{"line":19,"column":8},"end":{"line":19,"column":null}},"4":{"start":{"line":20,"column":20},"end":{"line":20,"column":null}},"5":{"start":{"line":21,"column":2},"end":{"line":21,"column":null}}},"fnMap":{"0":{"name":"generateProxyKey","decl":{"start":{"line":15,"column":16},"end":{"line":15,"column":49}},"loc":{"start":{"line":15,"column":49},"end":{"line":22,"column":null}},"line":15}},"branchMap":{"0":{"loc":{"start":{"line":7,"column":15},"end":{"line":7,"column":null}},"type":"binary-expr","locations":[{"start":{"line":7,"column":15},"end":{"line":7,"column":47}},{"start":{"line":7,"column":47},"end":{"line":7,"column":null}}],"line":7}},"s":{"0":1,"1":5,"2":5,"3":5,"4":5,"5":5},"f":{"0":5},"b":{"0":[1,1]},"meta":{"lastBranch":1,"lastFunction":1,"lastStatement":6,"seen":{"s:7:15:7:Infinity":0,"b:7:15:7:47:7:47:7:Infinity":0,"f:15:16:15:49":0,"s:17:8:17:Infinity":1,"s:18:14:18:Infinity":2,"s:19:8:19:Infinity":3,"s:20:20:20:Infinity":4,"s:21:2:21:Infinity":5}}}
,"C:\\Users\\axela\\Desktop\\apikey\\dashboard\\lib\\plans.ts": {"path":"C:\\Users\\axela\\Desktop\\apikey\\dashboard\\lib\\plans.ts","statementMap":{"0":{"start":{"line":7,"column":37},"end":{"line":7,"column":null}},"1":{"start":{"line":8,"column":29},"end":{"line":8,"column":null}},"2":{"start":{"line":12,"column":2},"end":{"line":12,"column":null}},"3":{"start":{"line":12,"column":23},"end":{"line":12,"column":null}},"4":{"start":{"line":13,"column":2},"end":{"line":13,"column":null}},"5":{"start":{"line":17,"column":2},"end":{"line":17,"column":null}},"6":{"start":{"line":17,"column":22},"end":{"line":17,"column":null}},"7":{"start":{"line":18,"column":2},"end":{"line":18,"column":null}},"8":{"start":{"line":18,"column":29},"end":{"line":18,"column":null}},"9":{"start":{"line":19,"column":2},"end":{"line":19,"column":null}}},"fnMap":{"0":{"name":"monthlyQuota","decl":{"start":{"line":11,"column":16},"end":{"line":11,"column":29}},"loc":{"start":{"line":11,"column":60},"end":{"line":14,"column":null}},"line":11},"1":{"name":"planLabel","decl":{"start":{"line":16,"column":16},"end":{"line":16,"column":26}},"loc":{"start":{"line":16,"column":50},"end":{"line":20,"column":null}},"line":16}},"branchMap":{"0":{"loc":{"start":{"line":12,"column":2},"end":{"line":12,"column":null}},"type":"if","locations":[{"start":{"line":12,"column":2},"end":{"line":12,"column":null}},{"start":{},"end":{}}],"line":12},"1":{"loc":{"start":{"line":17,"column":2},"end":{"line":17,"column":null}},"type":"if","locations":[{"start":{"line":17,"column":2},"end":{"line":17,"column":null}},{"start":{},"end":{}}],"line":17},"2":{"loc":{"start":{"line":18,"column":2},"end":{"line":18,"column":null}},"type":"if","locations":[{"start":{"line":18,"column":2},"end":{"line":18,"column":null}},{"start":{},"end":{}}],"line":18}},"s":{"0":0,"1":0,"2":0,"3":0,"4":0,"5":0,"6":0,"7":0,"8":0,"9":0},"f":{"0":0,"1":0},"b":{"0":[0,0],"1":[0,0],"2":[0,0]},"meta":{"lastBranch":3,"lastFunction":2,"lastStatement":10,"seen":{"s:7:37:7:Infinity":0,"s:8:29:8:Infinity":1,"f:11:16:11:29":0,"b:12:2:12:Infinity:undefined:undefined:undefined:undefined":0,"s:12:2:12:Infinity":2,"s:12:23:12:Infinity":3,"s:13:2:13:Infinity":4,"f:16:16:16:26":1,"b:17:2:17:Infinity:undefined:undefined:undefined:undefined":1,"s:17:2:17:Infinity":5,"s:17:22:17:Infinity":6,"b:18:2:18:Infinity:undefined:undefined:undefined:undefined":2,"s:18:2:18:Infinity":7,"s:18:29:18:Infinity":8,"s:19:2:19:Infinity":9}}}
,"C:\\Users\\axela\\Desktop\\apikey\\dashboard\\lib\\providers.ts": {"path":"C:\\Users\\axela\\Desktop\\apikey\\dashboard\\lib\\providers.ts","statementMap":{"0":{"start":{"line":16,"column":50},"end":{"line":57,"column":null}},"1":{"start":{"line":60,"column":2},"end":{"line":60,"column":null}},"2":{"start":{"line":60,"column":38},"end":{"line":60,"column":49}}},"fnMap":{"0":{"name":"findPreset","decl":{"start":{"line":59,"column":16},"end":{"line":59,"column":27}},"loc":{"start":{"line":59,"column":67},"end":{"line":61,"column":null}},"line":59},"1":{"name":"(anonymous_1)","decl":{"start":{"line":60,"column":26},"end":{"line":60,"column":32}},"loc":{"start":{"line":60,"column":38},"end":{"line":60,"column":49}},"line":60}},"branchMap":{},"s":{"0":0,"1":0,"2":0},"f":{"0":0,"1":0},"b":{},"meta":{"lastBranch":0,"lastFunction":2,"lastStatement":3,"seen":{"s:16:50:57:Infinity":0,"f:59:16:59:27":0,"s:60:2:60:Infinity":1,"f:60:26:60:32":1,"s:60:38:60:49":2}}}
,"C:\\Users\\axela\\Desktop\\apikey\\dashboard\\lib\\proxy-admin.ts": {"path":"C:\\Users\\axela\\Desktop\\apikey\\dashboard\\lib\\proxy-admin.ts","statementMap":{"0":{"start":{"line":8,"column":14},"end":{"line":8,"column":null}},"1":{"start":{"line":9,"column":17},"end":{"line":9,"column":null}},"2":{"start":{"line":10,"column":2},"end":{"line":10,"column":null}},"3":{"start":{"line":10,"column":23},"end":{"line":10,"column":null}},"4":{"start":{"line":12,"column":2},"end":{"line":23,"column":null}},"5":{"start":{"line":13,"column":4},"end":{"line":20,"column":null}}},"fnMap":{"0":{"name":"purgeProxyKeyCache","decl":{"start":{"line":7,"column":22},"end":{"line":7,"column":41}},"loc":{"start":{"line":7,"column":73},"end":{"line":24,"column":null}},"line":7}},"branchMap":{"0":{"loc":{"start":{"line":10,"column":2},"end":{"line":10,"column":null}},"type":"if","locations":[{"start":{"line":10,"column":2},"end":{"line":10,"column":null}},{"start":{},"end":{}}],"line":10},"1":{"loc":{"start":{"line":10,"column":6},"end":{"line":10,"column":23}},"type":"binary-expr","locations":[{"start":{"line":10,"column":6},"end":{"line":10,"column":14}},{"start":{"line":10,"column":14},"end":{"line":10,"column":23}}],"line":10}},"s":{"0":3,"1":3,"2":3,"3":1,"4":2,"5":2},"f":{"0":3},"b":{"0":[1,2],"1":[3,2]},"meta":{"lastBranch":2,"lastFunction":1,"lastStatement":6,"seen":{"f:7:22:7:41":0,"s:8:14:8:Infinity":0,"s:9:17:9:Infinity":1,"b:10:2:10:Infinity:undefined:undefined:undefined:undefined":0,"s:10:2:10:Infinity":2,"b:10:6:10:14:10:14:10:23":1,"s:10:23:10:Infinity":3,"s:12:2:23:Infinity":4,"s:13:4:20:Infinity":5}}}
,"C:\\Users\\axela\\Desktop\\apikey\\dashboard\\lib\\stripe.ts": {"path":"C:\\Users\\axela\\Desktop\\apikey\\dashboard\\lib\\stripe.ts","statementMap":{"0":{"start":{"line":7,"column":12},"end":{"line":7,"column":null}},"1":{"start":{"line":8,"column":0},"end":{"line":11,"column":null}},"2":{"start":{"line":10,"column":2},"end":{"line":10,"column":null}},"3":{"start":{"line":13,"column":22},"end":{"line":13,"column":null}}},"fnMap":{},"branchMap":{"0":{"loc":{"start":{"line":8,"column":0},"end":{"line":11,"column":null}},"type":"if","locations":[{"start":{"line":8,"column":0},"end":{"line":11,"column":null}},{"start":{},"end":{}}],"line":8}},"s":{"0":0,"1":0,"2":0,"3":0},"f":{},"b":{"0":[0,0]},"meta":{"lastBranch":1,"lastFunction":0,"lastStatement":4,"seen":{"s:7:12:7:Infinity":0,"b:8:0:11:Infinity:undefined:undefined:undefined:undefined":0,"s:8:0:11:Infinity":1,"s:10:2:10:Infinity":2,"s:13:22:13:Infinity":3}}}
,"C:\\Users\\axela\\Desktop\\apikey\\dashboard\\lib\\utils.ts": {"path":"C:\\Users\\axela\\Desktop\\apikey\\dashboard\\lib\\utils.ts","statementMap":{"0":{"start":{"line":3,"column":2},"end":{"line":3,"column":null}}},"fnMap":{"0":{"name":"cn","decl":{"start":{"line":2,"column":16},"end":{"line":2,"column":19}},"loc":{"start":{"line":2,"column":81},"end":{"line":4,"column":null}},"line":2}},"branchMap":{},"s":{"0":0},"f":{"0":0},"b":{},"meta":{"lastBranch":0,"lastFunction":1,"lastStatement":1,"seen":{"f:2:16:2:19":0,"s:3:2:3:Infinity":0}}}
,"C:\\Users\\axela\\Desktop\\apikey\\dashboard\\lib\\validation.ts": {"path":"C:\\Users\\axela\\Desktop\\apikey\\dashboard\\lib\\validation.ts","statementMap":{"0":{"start":{"line":11,"column":2},"end":{"line":15,"column":null}},"1":{"start":{"line":12,"column":4},"end":{"line":12,"column":null}},"2":{"start":{"line":14,"column":4},"end":{"line":14,"column":null}},"3":{"start":{"line":16,"column":2},"end":{"line":16,"column":null}},"4":{"start":{"line":16,"column":33},"end":{"line":16,"column":null}},"5":{"start":{"line":17,"column":12},"end":{"line":17,"column":null}},"6":{"start":{"line":18,"column":2},"end":{"line":18,"column":null}},"7":{"start":{"line":18,"column":49},"end":{"line":18,"column":null}},"8":{"start":{"line":19,"column":2},"end":{"line":19,"column":null}},"9":{"start":{"line":19,"column":38},"end":{"line":19,"column":null}},"10":{"start":{"line":20,"column":2},"end":{"line":20,"column":null}},"11":{"start":{"line":20,"column":68},"end":{"line":20,"column":null}},"12":{"start":{"line":21,"column":2},"end":{"line":21,"column":null}},"13":{"start":{"line":21,"column":44},"end":{"line":21,"column":null}},"14":{"start":{"line":22,"column":2},"end":{"line":22,"column":null}},"15":{"start":{"line":22,"column":29},"end":{"line":22,"column":null}},"16":{"start":{"line":23,"column":2},"end":{"line":23,"column":null}},"17":{"start":{"line":23,"column":25},"end":{"line":23,"column":null}},"18":{"start":{"line":24,"column":2},"end":{"line":24,"column":null}},"19":{"start":{"line":27,"column":23},"end":{"line":30,"column":null}},"20":{"start":{"line":32,"column":25},"end":{"line":35,"column":null}},"21":{"start":{"line":33,"column":10},"end":{"line":33,"column":null}},"22":{"start":{"line":37,"column":29},"end":{"line":40,"column":null}},"23":{"start":{"line":43,"column":32},"end":{"line":51,"column":null}},"24":{"start":{"line":54,"column":35},"end":{"line":61,"column":null}}},"fnMap":{"0":{"name":"isPublicHttpsUrl","decl":{"start":{"line":9,"column":16},"end":{"line":9,"column":33}},"loc":{"start":{"line":9,"column":57},"end":{"line":25,"column":null}},"line":9},"1":{"name":"(anonymous_1)","decl":{"start":{"line":32,"column":27},"end":{"line":32,"column":null}},"loc":{"start":{"line":33,"column":10},"end":{"line":33,"column":null}},"line":33}},"branchMap":{"0":{"loc":{"start":{"line":16,"column":2},"end":{"line":16,"column":null}},"type":"if","locations":[{"start":{"line":16,"column":2},"end":{"line":16,"column":null}},{"start":{},"end":{}}],"line":16},"1":{"loc":{"start":{"line":18,"column":2},"end":{"line":18,"column":null}},"type":"if","locations":[{"start":{"line":18,"column":2},"end":{"line":18,"column":null}},{"start":{},"end":{}}],"line":18},"2":{"loc":{"start":{"line":18,"column":6},"end":{"line":18,"column":49}},"type":"binary-expr","locations":[{"start":{"line":18,"column":6},"end":{"line":18,"column":27}},{"start":{"line":18,"column":27},"end":{"line":18,"column":49}}],"line":18},"3":{"loc":{"start":{"line":19,"column":2},"end":{"line":19,"column":null}},"type":"if","locations":[{"start":{"line":19,"column":2},"end":{"line":19,"column":null}},{"start":{},"end":{}}],"line":19},"4":{"loc":{"start":{"line":19,"column":6},"end":{"line":19,"column":38}},"type":"binary-expr","locations":[{"start":{"line":19,"column":6},"end":{"line":19,"column":25}},{"start":{"line":19,"column":25},"end":{"line":19,"column":38}}],"line":19},"5":{"loc":{"start":{"line":20,"column":2},"end":{"line":20,"column":null}},"type":"if","locations":[{"start":{"line":20,"column":2},"end":{"line":20,"column":null}},{"start":{},"end":{}}],"line":20},"6":{"loc":{"start":{"line":20,"column":6},"end":{"line":20,"column":68}},"type":"binary-expr","locations":[{"start":{"line":20,"column":6},"end":{"line":20,"column":26}},{"start":{"line":20,"column":26},"end":{"line":20,"column":45}},{"start":{"line":20,"column":45},"end":{"line":20,"column":68}}],"line":20},"7":{"loc":{"start":{"line":21,"column":2},"end":{"line":21,"column":null}},"type":"if","locations":[{"start":{"line":21,"column":2},"end":{"line":21,"column":null}},{"start":{},"end":{}}],"line":21},"8":{"loc":{"start":{"line":22,"column":2},"end":{"line":22,"column":null}},"type":"if","locations":[{"start":{"line":22,"column":2},"end":{"line":22,"column":null}},{"start":{},"end":{}}],"line":22},"9":{"loc":{"start":{"line":23,"column":2},"end":{"line":23,"column":null}},"type":"if","locations":[{"start":{"line":23,"column":2},"end":{"line":23,"column":null}},{"start":{},"end":{}}],"line":23},"10":{"loc":{"start":{"line":33,"column":10},"end":{"line":33,"column":null}},"type":"cond-expr","locations":[{"start":{"line":33,"column":34},"end":{"line":33,"column":46}},{"start":{"line":33,"column":46},"end":{"line":33,"column":null}}],"line":33},"11":{"loc":{"start":{"line":33,"column":10},"end":{"line":33,"column":34}},"type":"binary-expr","locations":[{"start":{"line":33,"column":10},"end":{"line":33,"column":22}},{"start":{"line":33,"column":22},"end":{"line":33,"column":34}}],"line":33}},"s":{"0":13,"1":13,"2":1,"3":12,"4":1,"5":11,"6":11,"7":1,"8":10,"9":0,"10":10,"11":4,"12":6,"13":1,"14":5,"15":1,"16":4,"17":0,"18":4,"19":1,"20":1,"21":2,"22":1,"23":1,"24":1},"f":{"0":13,"1":2},"b":{"0":[1,11],"1":[1,10],"2":[11,10],"3":[0,10],"4":[10,10],"5":[4,6],"6":[10,8,7],"7":[1,5],"8":[1,4],"9":[0,4],"10":[1,1],"11":[2,1]},"meta":{"lastBranch":12,"lastFunction":2,"lastStatement":25,"seen":{"f:9:16:9:33":0,"s:11:2:15:Infinity":0,"s:12:4:12:Infinity":1,"s:14:4:14:Infinity":2,"b:16:2:16:Infinity:undefined:undefined:undefined:undefined":0,"s:16:2:16:Infinity":3,"s:16:33:16:Infinity":4,"s:17:12:17:Infinity":5,"b:18:2:18:Infinity:undefined:undefined:undefined:undefined":1,"s:18:2:18:Infinity":6,"b:18:6:18:27:18:27:18:49":2,"s:18:49:18:Infinity":7,"b:19:2:19:Infinity:undefined:undefined:undefined:undefined":3,"s:19:2:19:Infinity":8,"b:19:6:19:25:19:25:19:38":4,"s:19:38:19:Infinity":9,"b:20:2:20:Infinity:undefined:undefined:undefined:undefined":5,"s:20:2:20:Infinity":10,"b:20:6:20:26:20:26:20:45:20:45:20:68":6,"s:20:68:20:Infinity":11,"b:21:2:21:Infinity:undefined:undefined:undefined:undefined":7,"s:21:2:21:Infinity":12,"s:21:44:21:Infinity":13,"b:22:2:22:Infinity:undefined:undefined:undefined:undefined":8,"s:22:2:22:Infinity":14,"s:22:29:22:Infinity":15,"b:23:2:23:Infinity:undefined:undefined:undefined:undefined":9,"s:23:2:23:Infinity":16,"s:23:25:23:Infinity":17,"s:24:2:24:Infinity":18,"s:27:23:30:Infinity":19,"s:32:25:35:Infinity":20,"f:32:27:32:Infinity":1,"s:33:10:33:Infinity":21,"b:33:34:33:46:33:46:33:Infinity":10,"b:33:10:33:22:33:22:33:34":11,"s:37:29:40:Infinity":22,"s:43:32:51:Infinity":23,"s:54:35:61:Infinity":24}}}
,"C:\\Users\\axela\\Desktop\\apikey\\dashboard\\lib\\supabase\\admin.ts": {"path":"C:\\Users\\axela\\Desktop\\apikey\\dashboard\\lib\\supabase\\admin.ts","statementMap":{"0":{"start":{"line":9,"column":2},"end":{"line":13,"column":null}}},"fnMap":{"0":{"name":"createAdminClient","decl":{"start":{"line":8,"column":16},"end":{"line":8,"column":36}},"loc":{"start":{"line":8,"column":36},"end":{"line":14,"column":null}},"line":8}},"branchMap":{},"s":{"0":0},"f":{"0":0},"b":{},"meta":{"lastBranch":0,"lastFunction":1,"lastStatement":1,"seen":{"f:8:16:8:36":0,"s:9:2:13:Infinity":0}}}
,"C:\\Users\\axela\\Desktop\\apikey\\dashboard\\lib\\supabase\\client.ts": {"path":"C:\\Users\\axela\\Desktop\\apikey\\dashboard\\lib\\supabase\\client.ts","statementMap":{"0":{"start":{"line":5,"column":2},"end":{"line":8,"column":null}}},"fnMap":{"0":{"name":"createClient","decl":{"start":{"line":4,"column":16},"end":{"line":4,"column":31}},"loc":{"start":{"line":4,"column":31},"end":{"line":9,"column":null}},"line":4}},"branchMap":{},"s":{"0":0},"f":{"0":0},"b":{},"meta":{"lastBranch":0,"lastFunction":1,"lastStatement":1,"seen":{"f:4:16:4:31":0,"s:5:2:8:Infinity":0}}}
,"C:\\Users\\axela\\Desktop\\apikey\\dashboard\\lib\\supabase\\middleware.ts": {"path":"C:\\Users\\axela\\Desktop\\apikey\\dashboard\\lib\\supabase\\middleware.ts","statementMap":{"0":{"start":{"line":9,"column":17},"end":{"line":9,"column":null}},"1":{"start":{"line":11,"column":8},"end":{"line":30,"column":null}},"2":{"start":{"line":17,"column":10},"end":{"line":17,"column":null}},"3":{"start":{"line":20,"column":10},"end":{"line":22,"column":null}},"4":{"start":{"line":21,"column":12},"end":{"line":21,"column":null}},"5":{"start":{"line":23,"column":10},"end":{"line":23,"column":null}},"6":{"start":{"line":24,"column":10},"end":{"line":26,"column":null}},"7":{"start":{"line":25,"column":12},"end":{"line":25,"column":null}},"8":{"start":{"line":36,"column":6},"end":{"line":36,"column":null}},"9":{"start":{"line":38,"column":15},"end":{"line":38,"column":null}},"10":{"start":{"line":39,"column":22},"end":{"line":39,"column":null}},"11":{"start":{"line":41,"column":2},"end":{"line":45,"column":null}},"12":{"start":{"line":42,"column":16},"end":{"line":42,"column":null}},"13":{"start":{"line":43,"column":4},"end":{"line":43,"column":null}},"14":{"start":{"line":44,"column":4},"end":{"line":44,"column":null}},"15":{"start":{"line":47,"column":2},"end":{"line":47,"column":null}}},"fnMap":{"0":{"name":"updateSession","decl":{"start":{"line":8,"column":22},"end":{"line":8,"column":36}},"loc":{"start":{"line":8,"column":58},"end":{"line":48,"column":null}},"line":8},"1":{"name":"getAll","decl":{"start":{"line":16,"column":8},"end":{"line":16,"column":17}},"loc":{"start":{"line":16,"column":17},"end":{"line":18,"column":null}},"line":16},"2":{"name":"setAll","decl":{"start":{"line":19,"column":8},"end":{"line":19,"column":15}},"loc":{"start":{"line":19,"column":44},"end":{"line":27,"column":null}},"line":19},"3":{"name":"(anonymous_3)","decl":{"start":{"line":20,"column":23},"end":{"line":20,"column":32}},"loc":{"start":{"line":21,"column":12},"end":{"line":21,"column":null}},"line":21},"4":{"name":"(anonymous_4)","decl":{"start":{"line":24,"column":23},"end":{"line":24,"column":32}},"loc":{"start":{"line":25,"column":12},"end":{"line":25,"column":null}},"line":25}},"branchMap":{"0":{"loc":{"start":{"line":41,"column":2},"end":{"line":45,"column":null}},"type":"if","locations":[{"start":{"line":41,"column":2},"end":{"line":45,"column":null}},{"start":{},"end":{}}],"line":41},"1":{"loc":{"start":{"line":41,"column":6},"end":{"line":41,"column":28}},"type":"binary-expr","locations":[{"start":{"line":41,"column":6},"end":{"line":41,"column":15}},{"start":{"line":41,"column":15},"end":{"line":41,"column":28}}],"line":41}},"s":{"0":0,"1":0,"2":0,"3":0,"4":0,"5":0,"6":0,"7":0,"8":0,"9":0,"10":0,"11":0,"12":0,"13":0,"14":0,"15":0},"f":{"0":0,"1":0,"2":0,"3":0,"4":0},"b":{"0":[0,0],"1":[0,0]},"meta":{"lastBranch":2,"lastFunction":5,"lastStatement":16,"seen":{"f:8:22:8:36":0,"s:9:17:9:Infinity":0,"s:11:8:30:Infinity":1,"f:16:8:16:17":1,"s:17:10:17:Infinity":2,"f:19:8:19:15":2,"s:20:10:22:Infinity":3,"f:20:23:20:32":3,"s:21:12:21:Infinity":4,"s:23:10:23:Infinity":5,"s:24:10:26:Infinity":6,"f:24:23:24:32":4,"s:25:12:25:Infinity":7,"s:36:6:36:Infinity":8,"s:38:15:38:Infinity":9,"s:39:22:39:Infinity":10,"b:41:2:45:Infinity:undefined:undefined:undefined:undefined":0,"s:41:2:45:Infinity":11,"b:41:6:41:15:41:15:41:28":1,"s:42:16:42:Infinity":12,"s:43:4:43:Infinity":13,"s:44:4:44:Infinity":14,"s:47:2:47:Infinity":15}}}
,"C:\\Users\\axela\\Desktop\\apikey\\dashboard\\lib\\supabase\\server.ts": {"path":"C:\\Users\\axela\\Desktop\\apikey\\dashboard\\lib\\supabase\\server.ts","statementMap":{"0":{"start":{"line":10,"column":22},"end":{"line":10,"column":null}},"1":{"start":{"line":12,"column":2},"end":{"line":33,"column":null}},"2":{"start":{"line":18,"column":10},"end":{"line":18,"column":null}},"3":{"start":{"line":23,"column":10},"end":{"line":29,"column":null}},"4":{"start":{"line":24,"column":12},"end":{"line":26,"column":null}},"5":{"start":{"line":25,"column":14},"end":{"line":25,"column":null}}},"fnMap":{"0":{"name":"createClient","decl":{"start":{"line":9,"column":22},"end":{"line":9,"column":37}},"loc":{"start":{"line":9,"column":37},"end":{"line":34,"column":null}},"line":9},"1":{"name":"getAll","decl":{"start":{"line":17,"column":8},"end":{"line":17,"column":17}},"loc":{"start":{"line":17,"column":17},"end":{"line":19,"column":null}},"line":17},"2":{"name":"setAll","decl":{"start":{"line":20,"column":8},"end":{"line":20,"column":15}},"loc":{"start":{"line":20,"column":44},"end":{"line":30,"column":null}},"line":20},"3":{"name":"(anonymous_3)","decl":{"start":{"line":24,"column":25},"end":{"line":24,"column":34}},"loc":{"start":{"line":25,"column":14},"end":{"line":25,"column":null}},"line":25}},"branchMap":{},"s":{"0":0,"1":0,"2":0,"3":0,"4":0,"5":0},"f":{"0":0,"1":0,"2":0,"3":0},"b":{},"meta":{"lastBranch":0,"lastFunction":4,"lastStatement":6,"seen":{"f:9:22:9:37":0,"s:10:22:10:Infinity":0,"s:12:2:33:Infinity":1,"f:17:8:17:17":1,"s:18:10:18:Infinity":2,"f:20:8:20:15":2,"s:23:10:29:Infinity":3,"s:24:12:26:Infinity":4,"f:24:25:24:34":3,"s:25:14:25:Infinity":5}}}
}
